<?xml version='1.0' encoding='utf-8'?>
<testsuite name="Cppcheck errors" timestamp="2022-09-15T20:53:15.448347" hostname="user1-PC" tests="57" failures="0" errors="57" time="1"><testcase name="sample-app\sample-app\common.h" classname="Cppcheck error" time="1"><error type="" file="sample-app\sample-app\common.h" line="38" message="38: (performance) Variable 'input_movie_path' is assigned in constructor body. Consider performing initialization in initialization list." /><error type="" file="sample-app\sample-app\common.h" line="39" message="39: (performance) Variable 'input_image_path' is assigned in constructor body. Consider performing initialization in initialization list." /><error type="" file="sample-app\sample-app\common.h" line="40" message="40: (performance) Variable 'cascade_filepath' is assigned in constructor body. Consider performing initialization in initialization list." /><error type="" file="sample-app\sample-app\common.h" line="45" message="45: (performance) Variable 'output_dirpath' is assigned in constructor body. Consider performing initialization in initialization list." /></testcase><testcase name="sample-app\sample-app\dataloader.cpp" classname="Cppcheck error" time="1"><error type="" file="sample-app\sample-app\dataloader.cpp" line="244" message="244: (style) The scope of the variable 'hFind' can be reduced." /><error type="" file="sample-app\sample-app\dataloader.cpp" line="246" message="246: (style) Local variable 'file_names' shadows outer variable" /><error type="" file="sample-app\sample-app\dataloader.cpp" line="94" message="94: (style) Variable 'iret' is assigned a value that is never used." /><error type="" file="sample-app\sample-app\dataloader.cpp" line="115" message="115: (style) Variable 'iret' is assigned a value that is never used." /><error type="" file="sample-app\sample-app\dataloader.cpp" line="246" message="246: (style) Unused variable: file_names" /></testcase><testcase name="sample-app\sample-app\main.cpp" classname="Cppcheck error" time="1"><error type="" file="sample-app\sample-app\main.cpp" line="100" message="100: (style) Variable 'iret' is reassigned a value before the old one has been used." /></testcase><testcase name="..\..\..\..\..\..\..\3rdparty\opencv\build\include\opencv2\core\cvstd_wrapper.hpp" classname="Cppcheck error" time="1"><error type="" file="..\..\..\..\..\..\..\3rdparty\opencv\build\include\opencv2\core\cvstd_wrapper.hpp" line="124" message="124: (portability) Returning an integer in a function with pointer return type is not portable." /><error type="" file="..\..\..\..\..\..\..\3rdparty\opencv\build\include\opencv2\core\cvstd_wrapper.hpp" line="79" message="79: (style) Struct 'Ptr &lt; Impl &gt;' has a constructor with 1 argument that is not explicit." /><error type="" file="..\..\..\..\..\..\..\3rdparty\opencv\build\include\opencv2\core\cvstd_wrapper.hpp" line="88" message="88: (style) Struct 'Ptr &lt; Impl &gt;' has a constructor with 1 argument that is not explicit." /><error type="" file="..\..\..\..\..\..\..\3rdparty\opencv\build\include\opencv2\core\cvstd_wrapper.hpp" line="89" message="89: (style) Struct 'Ptr &lt; Impl &gt;' has a constructor with 1 argument that is not explicit." /><error type="" file="..\..\..\..\..\..\..\3rdparty\opencv\build\include\opencv2\core\cvstd_wrapper.hpp" line="91" message="91: (style) Struct 'Ptr &lt; Impl &gt;' has a constructor with 1 argument that is not explicit." /><error type="" file="..\..\..\..\..\..\..\3rdparty\opencv\build\include\opencv2\core\cvstd_wrapper.hpp" line="92" message="92: (style) Struct 'Ptr &lt; Impl &gt;' has a constructor with 1 argument that is not explicit." /><error type="" file="..\..\..\..\..\..\..\3rdparty\opencv\build\include\opencv2\core\cvstd_wrapper.hpp" line="103" message="103: (style) Struct 'Ptr &lt; Impl &gt;' has a constructor with 1 argument that is not explicit." /><error type="" file="..\..\..\..\..\..\..\3rdparty\opencv\build\include\opencv2\core\cvstd_wrapper.hpp" line="79" message="79: (style) Struct 'Ptr &lt; Formatted &gt;' has a constructor with 1 argument that is not explicit." /><error type="" file="..\..\..\..\..\..\..\3rdparty\opencv\build\include\opencv2\core\cvstd_wrapper.hpp" line="88" message="88: (style) Struct 'Ptr &lt; Formatted &gt;' has a constructor with 1 argument that is not explicit." /><error type="" file="..\..\..\..\..\..\..\3rdparty\opencv\build\include\opencv2\core\cvstd_wrapper.hpp" line="89" message="89: (style) Struct 'Ptr &lt; Formatted &gt;' has a constructor with 1 argument that is not explicit." /><error type="" file="..\..\..\..\..\..\..\3rdparty\opencv\build\include\opencv2\core\cvstd_wrapper.hpp" line="91" message="91: (style) Struct 'Ptr &lt; Formatted &gt;' has a constructor with 1 argument that is not explicit." /><error type="" file="..\..\..\..\..\..\..\3rdparty\opencv\build\include\opencv2\core\cvstd_wrapper.hpp" line="92" message="92: (style) Struct 'Ptr &lt; Formatted &gt;' has a constructor with 1 argument that is not explicit." /><error type="" file="..\..\..\..\..\..\..\3rdparty\opencv\build\include\opencv2\core\cvstd_wrapper.hpp" line="103" message="103: (style) Struct 'Ptr &lt; Formatted &gt;' has a constructor with 1 argument that is not explicit." /><error type="" file="..\..\..\..\..\..\..\3rdparty\opencv\build\include\opencv2\core\cvstd_wrapper.hpp" line="79" message="79: (style) Struct 'Ptr &lt; Formatter &gt;' has a constructor with 1 argument that is not explicit." /><error type="" file="..\..\..\..\..\..\..\3rdparty\opencv\build\include\opencv2\core\cvstd_wrapper.hpp" line="88" message="88: (style) Struct 'Ptr &lt; Formatter &gt;' has a constructor with 1 argument that is not explicit." /><error type="" file="..\..\..\..\..\..\..\3rdparty\opencv\build\include\opencv2\core\cvstd_wrapper.hpp" line="89" message="89: (style) Struct 'Ptr &lt; Formatter &gt;' has a constructor with 1 argument that is not explicit." /><error type="" file="..\..\..\..\..\..\..\3rdparty\opencv\build\include\opencv2\core\cvstd_wrapper.hpp" line="91" message="91: (style) Struct 'Ptr &lt; Formatter &gt;' has a constructor with 1 argument that is not explicit." /><error type="" file="..\..\..\..\..\..\..\3rdparty\opencv\build\include\opencv2\core\cvstd_wrapper.hpp" line="92" message="92: (style) Struct 'Ptr &lt; Formatter &gt;' has a constructor with 1 argument that is not explicit." /><error type="" file="..\..\..\..\..\..\..\3rdparty\opencv\build\include\opencv2\core\cvstd_wrapper.hpp" line="103" message="103: (style) Struct 'Ptr &lt; Formatter &gt;' has a constructor with 1 argument that is not explicit." /><error type="" file="..\..\..\..\..\..\..\3rdparty\opencv\build\include\opencv2\core\cvstd_wrapper.hpp" line="79" message="79: (style) Struct 'Ptr &lt; FileStorage &gt;' has a constructor with 1 argument that is not explicit." /><error type="" file="..\..\..\..\..\..\..\3rdparty\opencv\build\include\opencv2\core\cvstd_wrapper.hpp" line="88" message="88: (style) Struct 'Ptr &lt; FileStorage &gt;' has a constructor with 1 argument that is not explicit." /><error type="" file="..\..\..\..\..\..\..\3rdparty\opencv\build\include\opencv2\core\cvstd_wrapper.hpp" line="89" message="89: (style) Struct 'Ptr &lt; FileStorage &gt;' has a constructor with 1 argument that is not explicit." /><error type="" file="..\..\..\..\..\..\..\3rdparty\opencv\build\include\opencv2\core\cvstd_wrapper.hpp" line="91" message="91: (style) Struct 'Ptr &lt; FileStorage &gt;' has a constructor with 1 argument that is not explicit." /><error type="" file="..\..\..\..\..\..\..\3rdparty\opencv\build\include\opencv2\core\cvstd_wrapper.hpp" line="92" message="92: (style) Struct 'Ptr &lt; FileStorage &gt;' has a constructor with 1 argument that is not explicit." /><error type="" file="..\..\..\..\..\..\..\3rdparty\opencv\build\include\opencv2\core\cvstd_wrapper.hpp" line="103" message="103: (style) Struct 'Ptr &lt; FileStorage &gt;' has a constructor with 1 argument that is not explicit." /><error type="" file="..\..\..\..\..\..\..\3rdparty\opencv\build\include\opencv2\core\cvstd_wrapper.hpp" line="79" message="79: (style) Struct 'Ptr &lt; Function &gt;' has a constructor with 1 argument that is not explicit." /><error type="" file="..\..\..\..\..\..\..\3rdparty\opencv\build\include\opencv2\core\cvstd_wrapper.hpp" line="88" message="88: (style) Struct 'Ptr &lt; Function &gt;' has a constructor with 1 argument that is not explicit." /><error type="" file="..\..\..\..\..\..\..\3rdparty\opencv\build\include\opencv2\core\cvstd_wrapper.hpp" line="89" message="89: (style) Struct 'Ptr &lt; Function &gt;' has a constructor with 1 argument that is not explicit." /><error type="" file="..\..\..\..\..\..\..\3rdparty\opencv\build\include\opencv2\core\cvstd_wrapper.hpp" line="91" message="91: (style) Struct 'Ptr &lt; Function &gt;' has a constructor with 1 argument that is not explicit." /><error type="" file="..\..\..\..\..\..\..\3rdparty\opencv\build\include\opencv2\core\cvstd_wrapper.hpp" line="92" message="92: (style) Struct 'Ptr &lt; Function &gt;' has a constructor with 1 argument that is not explicit." /><error type="" file="..\..\..\..\..\..\..\3rdparty\opencv\build\include\opencv2\core\cvstd_wrapper.hpp" line="103" message="103: (style) Struct 'Ptr &lt; Function &gt;' has a constructor with 1 argument that is not explicit." /><error type="" file="..\..\..\..\..\..\..\3rdparty\opencv\build\include\opencv2\core\cvstd_wrapper.hpp" line="79" message="79: (style) Struct 'Ptr &lt; DownhillSolver &gt;' has a constructor with 1 argument that is not explicit." /><error type="" file="..\..\..\..\..\..\..\3rdparty\opencv\build\include\opencv2\core\cvstd_wrapper.hpp" line="88" message="88: (style) Struct 'Ptr &lt; DownhillSolver &gt;' has a constructor with 1 argument that is not explicit." /><error type="" file="..\..\..\..\..\..\..\3rdparty\opencv\build\include\opencv2\core\cvstd_wrapper.hpp" line="89" message="89: (style) Struct 'Ptr &lt; DownhillSolver &gt;' has a constructor with 1 argument that is not explicit." /><error type="" file="..\..\..\..\..\..\..\3rdparty\opencv\build\include\opencv2\core\cvstd_wrapper.hpp" line="91" message="91: (style) Struct 'Ptr &lt; DownhillSolver &gt;' has a constructor with 1 argument that is not explicit." /><error type="" file="..\..\..\..\..\..\..\3rdparty\opencv\build\include\opencv2\core\cvstd_wrapper.hpp" line="92" message="92: (style) Struct 'Ptr &lt; DownhillSolver &gt;' has a constructor with 1 argument that is not explicit." /><error type="" file="..\..\..\..\..\..\..\3rdparty\opencv\build\include\opencv2\core\cvstd_wrapper.hpp" line="103" message="103: (style) Struct 'Ptr &lt; DownhillSolver &gt;' has a constructor with 1 argument that is not explicit." /><error type="" file="..\..\..\..\..\..\..\3rdparty\opencv\build\include\opencv2\core\cvstd_wrapper.hpp" line="79" message="79: (style) Struct 'Ptr &lt; MinProblemSolver :: Function &gt;' has a constructor with 1 argument that is not explicit." /><error type="" file="..\..\..\..\..\..\..\3rdparty\opencv\build\include\opencv2\core\cvstd_wrapper.hpp" line="88" message="88: (style) Struct 'Ptr &lt; MinProblemSolver :: Function &gt;' has a constructor with 1 argument that is not explicit." /><error type="" file="..\..\..\..\..\..\..\3rdparty\opencv\build\include\opencv2\core\cvstd_wrapper.hpp" line="89" message="89: (style) Struct 'Ptr &lt; MinProblemSolver :: Function &gt;' has a constructor with 1 argument that is not explicit." /><error type="" file="..\..\..\..\..\..\..\3rdparty\opencv\build\include\opencv2\core\cvstd_wrapper.hpp" line="91" message="91: (style) Struct 'Ptr &lt; MinProblemSolver :: Function &gt;' has a constructor with 1 argument that is not explicit." /><error type="" file="..\..\..\..\..\..\..\3rdparty\opencv\build\include\opencv2\core\cvstd_wrapper.hpp" line="92" message="92: (style) Struct 'Ptr &lt; MinProblemSolver :: Function &gt;' has a constructor with 1 argument that is not explicit." /><error type="" file="..\..\..\..\..\..\..\3rdparty\opencv\build\include\opencv2\core\cvstd_wrapper.hpp" line="103" message="103: (style) Struct 'Ptr &lt; MinProblemSolver :: Function &gt;' has a constructor with 1 argument that is not explicit." /><error type="" file="..\..\..\..\..\..\..\3rdparty\opencv\build\include\opencv2\core\cvstd_wrapper.hpp" line="79" message="79: (style) Struct 'Ptr &lt; ConjGradSolver &gt;' has a constructor with 1 argument that is not explicit." /><error type="" file="..\..\..\..\..\..\..\3rdparty\opencv\build\include\opencv2\core\cvstd_wrapper.hpp" line="88" message="88: (style) Struct 'Ptr &lt; ConjGradSolver &gt;' has a constructor with 1 argument that is not explicit." /><error type="" file="..\..\..\..\..\..\..\3rdparty\opencv\build\include\opencv2\core\cvstd_wrapper.hpp" line="89" message="89: (style) Struct 'Ptr &lt; ConjGradSolver &gt;' has a constructor with 1 argument that is not explicit." /><error type="" file="..\..\..\..\..\..\..\3rdparty\opencv\build\include\opencv2\core\cvstd_wrapper.hpp" line="91" message="91: (style) Struct 'Ptr &lt; ConjGradSolver &gt;' has a constructor with 1 argument that is not explicit." /><error type="" file="..\..\..\..\..\..\..\3rdparty\opencv\build\include\opencv2\core\cvstd_wrapper.hpp" line="92" message="92: (style) Struct 'Ptr &lt; ConjGradSolver &gt;' has a constructor with 1 argument that is not explicit." /><error type="" file="..\..\..\..\..\..\..\3rdparty\opencv\build\include\opencv2\core\cvstd_wrapper.hpp" line="103" message="103: (style) Struct 'Ptr &lt; ConjGradSolver &gt;' has a constructor with 1 argument that is not explicit." /><error type="" file="..\..\..\..\..\..\..\3rdparty\opencv\build\include\opencv2\core\cvstd_wrapper.hpp" line="79" message="79: (style) Struct 'Ptr &lt; BRISK &gt;' has a constructor with 1 argument that is not explicit." /><error type="" file="..\..\..\..\..\..\..\3rdparty\opencv\build\include\opencv2\core\cvstd_wrapper.hpp" line="88" message="88: (style) Struct 'Ptr &lt; BRISK &gt;' has a constructor with 1 argument that is not explicit." /><error type="" file="..\..\..\..\..\..\..\3rdparty\opencv\build\include\opencv2\core\cvstd_wrapper.hpp" line="89" message="89: (style) Struct 'Ptr &lt; BRISK &gt;' has a constructor with 1 argument that is not explicit." /><error type="" file="..\..\..\..\..\..\..\3rdparty\opencv\build\include\opencv2\core\cvstd_wrapper.hpp" line="91" message="91: (style) Struct 'Ptr &lt; BRISK &gt;' has a constructor with 1 argument that is not explicit." /><error type="" file="..\..\..\..\..\..\..\3rdparty\opencv\build\include\opencv2\core\cvstd_wrapper.hpp" line="92" message="92: (style) Struct 'Ptr &lt; BRISK &gt;' has a constructor with 1 argument that is not explicit." /><error type="" file="..\..\..\..\..\..\..\3rdparty\opencv\build\include\opencv2\core\cvstd_wrapper.hpp" line="103" message="103: (style) Struct 'Ptr &lt; BRISK &gt;' has a constructor with 1 argument that is not explicit." /><error type="" file="..\..\..\..\..\..\..\3rdparty\opencv\build\include\opencv2\core\cvstd_wrapper.hpp" line="79" message="79: (style) Struct 'Ptr &lt; ORB &gt;' has a constructor with 1 argument that is not explicit." /><error type="" file="..\..\..\..\..\..\..\3rdparty\opencv\build\include\opencv2\core\cvstd_wrapper.hpp" line="88" message="88: (style) Struct 'Ptr &lt; ORB &gt;' has a constructor with 1 argument that is not explicit." /><error type="" file="..\..\..\..\..\..\..\3rdparty\opencv\build\include\opencv2\core\cvstd_wrapper.hpp" line="89" message="89: (style) Struct 'Ptr &lt; ORB &gt;' has a constructor with 1 argument that is not explicit." /><error type="" file="..\..\..\..\..\..\..\3rdparty\opencv\build\include\opencv2\core\cvstd_wrapper.hpp" line="91" message="91: (style) Struct 'Ptr &lt; ORB &gt;' has a constructor with 1 argument that is not explicit." /><error type="" file="..\..\..\..\..\..\..\3rdparty\opencv\build\include\opencv2\core\cvstd_wrapper.hpp" line="92" message="92: (style) Struct 'Ptr &lt; ORB &gt;' has a constructor with 1 argument that is not explicit." /><error type="" file="..\..\..\..\..\..\..\3rdparty\opencv\build\include\opencv2\core\cvstd_wrapper.hpp" line="103" message="103: (style) Struct 'Ptr &lt; ORB &gt;' has a constructor with 1 argument that is not explicit." /><error type="" file="..\..\..\..\..\..\..\3rdparty\opencv\build\include\opencv2\core\cvstd_wrapper.hpp" line="79" message="79: (style) Struct 'Ptr &lt; MSER &gt;' has a constructor with 1 argument that is not explicit." /><error type="" file="..\..\..\..\..\..\..\3rdparty\opencv\build\include\opencv2\core\cvstd_wrapper.hpp" line="88" message="88: (style) Struct 'Ptr &lt; MSER &gt;' has a constructor with 1 argument that is not explicit." /><error type="" file="..\..\..\..\..\..\..\3rdparty\opencv\build\include\opencv2\core\cvstd_wrapper.hpp" line="89" message="89: (style) Struct 'Ptr &lt; MSER &gt;' has a constructor with 1 argument that is not explicit." /><error type="" file="..\..\..\..\..\..\..\3rdparty\opencv\build\include\opencv2\core\cvstd_wrapper.hpp" line="91" message="91: (style) Struct 'Ptr &lt; MSER &gt;' has a constructor with 1 argument that is not explicit." /><error type="" file="..\..\..\..\..\..\..\3rdparty\opencv\build\include\opencv2\core\cvstd_wrapper.hpp" line="92" message="92: (style) Struct 'Ptr &lt; MSER &gt;' has a constructor with 1 argument that is not explicit." /><error type="" file="..\..\..\..\..\..\..\3rdparty\opencv\build\include\opencv2\core\cvstd_wrapper.hpp" line="103" message="103: (style) Struct 'Ptr &lt; MSER &gt;' has a constructor with 1 argument that is not explicit." /><error type="" file="..\..\..\..\..\..\..\3rdparty\opencv\build\include\opencv2\core\cvstd_wrapper.hpp" line="79" message="79: (style) Struct 'Ptr &lt; FastFeatureDetector &gt;' has a constructor with 1 argument that is not explicit." /><error type="" file="..\..\..\..\..\..\..\3rdparty\opencv\build\include\opencv2\core\cvstd_wrapper.hpp" line="88" message="88: (style) Struct 'Ptr &lt; FastFeatureDetector &gt;' has a constructor with 1 argument that is not explicit." /><error type="" file="..\..\..\..\..\..\..\3rdparty\opencv\build\include\opencv2\core\cvstd_wrapper.hpp" line="89" message="89: (style) Struct 'Ptr &lt; FastFeatureDetector &gt;' has a constructor with 1 argument that is not explicit." /><error type="" file="..\..\..\..\..\..\..\3rdparty\opencv\build\include\opencv2\core\cvstd_wrapper.hpp" line="91" message="91: (style) Struct 'Ptr &lt; FastFeatureDetector &gt;' has a constructor with 1 argument that is not explicit." /><error type="" file="..\..\..\..\..\..\..\3rdparty\opencv\build\include\opencv2\core\cvstd_wrapper.hpp" line="92" message="92: (style) Struct 'Ptr &lt; FastFeatureDetector &gt;' has a constructor with 1 argument that is not explicit." /><error type="" file="..\..\..\..\..\..\..\3rdparty\opencv\build\include\opencv2\core\cvstd_wrapper.hpp" line="103" message="103: (style) Struct 'Ptr &lt; FastFeatureDetector &gt;' has a constructor with 1 argument that is not explicit." /><error type="" file="..\..\..\..\..\..\..\3rdparty\opencv\build\include\opencv2\core\cvstd_wrapper.hpp" line="79" message="79: (style) Struct 'Ptr &lt; AgastFeatureDetector &gt;' has a constructor with 1 argument that is not explicit." /><error type="" file="..\..\..\..\..\..\..\3rdparty\opencv\build\include\opencv2\core\cvstd_wrapper.hpp" line="88" message="88: (style) Struct 'Ptr &lt; AgastFeatureDetector &gt;' has a constructor with 1 argument that is not explicit." /><error type="" file="..\..\..\..\..\..\..\3rdparty\opencv\build\include\opencv2\core\cvstd_wrapper.hpp" line="89" message="89: (style) Struct 'Ptr &lt; AgastFeatureDetector &gt;' has a constructor with 1 argument that is not explicit." /><error type="" file="..\..\..\..\..\..\..\3rdparty\opencv\build\include\opencv2\core\cvstd_wrapper.hpp" line="91" message="91: (style) Struct 'Ptr &lt; AgastFeatureDetector &gt;' has a constructor with 1 argument that is not explicit." /><error type="" file="..\..\..\..\..\..\..\3rdparty\opencv\build\include\opencv2\core\cvstd_wrapper.hpp" line="92" message="92: (style) Struct 'Ptr &lt; AgastFeatureDetector &gt;' has a constructor with 1 argument that is not explicit." /><error type="" file="..\..\..\..\..\..\..\3rdparty\opencv\build\include\opencv2\core\cvstd_wrapper.hpp" line="103" message="103: (style) Struct 'Ptr &lt; AgastFeatureDetector &gt;' has a constructor with 1 argument that is not explicit." /><error type="" file="..\..\..\..\..\..\..\3rdparty\opencv\build\include\opencv2\core\cvstd_wrapper.hpp" line="79" message="79: (style) Struct 'Ptr &lt; GFTTDetector &gt;' has a constructor with 1 argument that is not explicit." /><error type="" file="..\..\..\..\..\..\..\3rdparty\opencv\build\include\opencv2\core\cvstd_wrapper.hpp" line="88" message="88: (style) Struct 'Ptr &lt; GFTTDetector &gt;' has a constructor with 1 argument that is not explicit." /><error type="" file="..\..\..\..\..\..\..\3rdparty\opencv\build\include\opencv2\core\cvstd_wrapper.hpp" line="89" message="89: (style) Struct 'Ptr &lt; GFTTDetector &gt;' has a constructor with 1 argument that is not explicit." /><error type="" file="..\..\..\..\..\..\..\3rdparty\opencv\build\include\opencv2\core\cvstd_wrapper.hpp" line="91" message="91: (style) Struct 'Ptr &lt; GFTTDetector &gt;' has a constructor with 1 argument that is not explicit." /><error type="" file="..\..\..\..\..\..\..\3rdparty\opencv\build\include\opencv2\core\cvstd_wrapper.hpp" line="92" message="92: (style) Struct 'Ptr &lt; GFTTDetector &gt;' has a constructor with 1 argument that is not explicit." /><error type="" file="..\..\..\..\..\..\..\3rdparty\opencv\build\include\opencv2\core\cvstd_wrapper.hpp" line="103" message="103: (style) Struct 'Ptr &lt; GFTTDetector &gt;' has a constructor with 1 argument that is not explicit." /><error type="" file="..\..\..\..\..\..\..\3rdparty\opencv\build\include\opencv2\core\cvstd_wrapper.hpp" line="79" message="79: (style) Struct 'Ptr &lt; SimpleBlobDetector &gt;' has a constructor with 1 argument that is not explicit." /><error type="" file="..\..\..\..\..\..\..\3rdparty\opencv\build\include\opencv2\core\cvstd_wrapper.hpp" line="88" message="88: (style) Struct 'Ptr &lt; SimpleBlobDetector &gt;' has a constructor with 1 argument that is not explicit." /><error type="" file="..\..\..\..\..\..\..\3rdparty\opencv\build\include\opencv2\core\cvstd_wrapper.hpp" line="89" message="89: (style) Struct 'Ptr &lt; SimpleBlobDetector &gt;' has a constructor with 1 argument that is not explicit." /><error type="" file="..\..\..\..\..\..\..\3rdparty\opencv\build\include\opencv2\core\cvstd_wrapper.hpp" line="91" message="91: (style) Struct 'Ptr &lt; SimpleBlobDetector &gt;' has a constructor with 1 argument that is not explicit." /><error type="" file="..\..\..\..\..\..\..\3rdparty\opencv\build\include\opencv2\core\cvstd_wrapper.hpp" line="92" message="92: (style) Struct 'Ptr &lt; SimpleBlobDetector &gt;' has a constructor with 1 argument that is not explicit." /><error type="" file="..\..\..\..\..\..\..\3rdparty\opencv\build\include\opencv2\core\cvstd_wrapper.hpp" line="103" message="103: (style) Struct 'Ptr &lt; SimpleBlobDetector &gt;' has a constructor with 1 argument that is not explicit." /><error type="" file="..\..\..\..\..\..\..\3rdparty\opencv\build\include\opencv2\core\cvstd_wrapper.hpp" line="79" message="79: (style) Struct 'Ptr &lt; KAZE &gt;' has a constructor with 1 argument that is not explicit." /><error type="" file="..\..\..\..\..\..\..\3rdparty\opencv\build\include\opencv2\core\cvstd_wrapper.hpp" line="88" message="88: (style) Struct 'Ptr &lt; KAZE &gt;' has a constructor with 1 argument that is not explicit." /><error type="" file="..\..\..\..\..\..\..\3rdparty\opencv\build\include\opencv2\core\cvstd_wrapper.hpp" line="89" message="89: (style) Struct 'Ptr &lt; KAZE &gt;' has a constructor with 1 argument that is not explicit." /><error type="" file="..\..\..\..\..\..\..\3rdparty\opencv\build\include\opencv2\core\cvstd_wrapper.hpp" line="91" message="91: (style) Struct 'Ptr &lt; KAZE &gt;' has a constructor with 1 argument that is not explicit." /><error type="" file="..\..\..\..\..\..\..\3rdparty\opencv\build\include\opencv2\core\cvstd_wrapper.hpp" line="92" message="92: (style) Struct 'Ptr &lt; KAZE &gt;' has a constructor with 1 argument that is not explicit." /><error type="" file="..\..\..\..\..\..\..\3rdparty\opencv\build\include\opencv2\core\cvstd_wrapper.hpp" line="103" message="103: (style) Struct 'Ptr &lt; KAZE &gt;' has a constructor with 1 argument that is not explicit." /><error type="" file="..\..\..\..\..\..\..\3rdparty\opencv\build\include\opencv2\core\cvstd_wrapper.hpp" line="79" message="79: (style) Struct 'Ptr &lt; AKAZE &gt;' has a constructor with 1 argument that is not explicit." /><error type="" file="..\..\..\..\..\..\..\3rdparty\opencv\build\include\opencv2\core\cvstd_wrapper.hpp" line="88" message="88: (style) Struct 'Ptr &lt; AKAZE &gt;' has a constructor with 1 argument that is not explicit." /><error type="" file="..\..\..\..\..\..\..\3rdparty\opencv\build\include\opencv2\core\cvstd_wrapper.hpp" line="89" message="89: (style) Struct 'Ptr &lt; AKAZE &gt;' has a constructor with 1 argument that is not explicit." /><error type="" file="..\..\..\..\..\..\..\3rdparty\opencv\build\include\opencv2\core\cvstd_wrapper.hpp" line="91" message="91: (style) Struct 'Ptr &lt; AKAZE &gt;' has a constructor with 1 argument that is not explicit." /><error type="" file="..\..\..\..\..\..\..\3rdparty\opencv\build\include\opencv2\core\cvstd_wrapper.hpp" line="92" message="92: (style) Struct 'Ptr &lt; AKAZE &gt;' has a constructor with 1 argument that is not explicit." /><error type="" file="..\..\..\..\..\..\..\3rdparty\opencv\build\include\opencv2\core\cvstd_wrapper.hpp" line="103" message="103: (style) Struct 'Ptr &lt; AKAZE &gt;' has a constructor with 1 argument that is not explicit." /><error type="" file="..\..\..\..\..\..\..\3rdparty\opencv\build\include\opencv2\core\cvstd_wrapper.hpp" line="79" message="79: (style) Struct 'Ptr &lt; DescriptorMatcher &gt;' has a constructor with 1 argument that is not explicit." /><error type="" file="..\..\..\..\..\..\..\3rdparty\opencv\build\include\opencv2\core\cvstd_wrapper.hpp" line="88" message="88: (style) Struct 'Ptr &lt; DescriptorMatcher &gt;' has a constructor with 1 argument that is not explicit." /><error type="" file="..\..\..\..\..\..\..\3rdparty\opencv\build\include\opencv2\core\cvstd_wrapper.hpp" line="89" message="89: (style) Struct 'Ptr &lt; DescriptorMatcher &gt;' has a constructor with 1 argument that is not explicit." /><error type="" file="..\..\..\..\..\..\..\3rdparty\opencv\build\include\opencv2\core\cvstd_wrapper.hpp" line="91" message="91: (style) Struct 'Ptr &lt; DescriptorMatcher &gt;' has a constructor with 1 argument that is not explicit." /><error type="" file="..\..\..\..\..\..\..\3rdparty\opencv\build\include\opencv2\core\cvstd_wrapper.hpp" line="92" message="92: (style) Struct 'Ptr &lt; DescriptorMatcher &gt;' has a constructor with 1 argument that is not explicit." /><error type="" file="..\..\..\..\..\..\..\3rdparty\opencv\build\include\opencv2\core\cvstd_wrapper.hpp" line="103" message="103: (style) Struct 'Ptr &lt; DescriptorMatcher &gt;' has a constructor with 1 argument that is not explicit." /><error type="" file="..\..\..\..\..\..\..\3rdparty\opencv\build\include\opencv2\core\cvstd_wrapper.hpp" line="79" message="79: (style) Struct 'Ptr &lt; BFMatcher &gt;' has a constructor with 1 argument that is not explicit." /><error type="" file="..\..\..\..\..\..\..\3rdparty\opencv\build\include\opencv2\core\cvstd_wrapper.hpp" line="88" message="88: (style) Struct 'Ptr &lt; BFMatcher &gt;' has a constructor with 1 argument that is not explicit." /><error type="" file="..\..\..\..\..\..\..\3rdparty\opencv\build\include\opencv2\core\cvstd_wrapper.hpp" line="89" message="89: (style) Struct 'Ptr &lt; BFMatcher &gt;' has a constructor with 1 argument that is not explicit." /><error type="" file="..\..\..\..\..\..\..\3rdparty\opencv\build\include\opencv2\core\cvstd_wrapper.hpp" line="91" message="91: (style) Struct 'Ptr &lt; BFMatcher &gt;' has a constructor with 1 argument that is not explicit." /><error type="" file="..\..\..\..\..\..\..\3rdparty\opencv\build\include\opencv2\core\cvstd_wrapper.hpp" line="92" message="92: (style) Struct 'Ptr &lt; BFMatcher &gt;' has a constructor with 1 argument that is not explicit." /><error type="" file="..\..\..\..\..\..\..\3rdparty\opencv\build\include\opencv2\core\cvstd_wrapper.hpp" line="103" message="103: (style) Struct 'Ptr &lt; BFMatcher &gt;' has a constructor with 1 argument that is not explicit." /><error type="" file="..\..\..\..\..\..\..\3rdparty\opencv\build\include\opencv2\core\cvstd_wrapper.hpp" line="79" message="79: (style) Struct 'Ptr &lt; flann :: IndexParams &gt;' has a constructor with 1 argument that is not explicit." /><error type="" file="..\..\..\..\..\..\..\3rdparty\opencv\build\include\opencv2\core\cvstd_wrapper.hpp" line="88" message="88: (style) Struct 'Ptr &lt; flann :: IndexParams &gt;' has a constructor with 1 argument that is not explicit." /><error type="" file="..\..\..\..\..\..\..\3rdparty\opencv\build\include\opencv2\core\cvstd_wrapper.hpp" line="89" message="89: (style) Struct 'Ptr &lt; flann :: IndexParams &gt;' has a constructor with 1 argument that is not explicit." /><error type="" file="..\..\..\..\..\..\..\3rdparty\opencv\build\include\opencv2\core\cvstd_wrapper.hpp" line="91" message="91: (style) Struct 'Ptr &lt; flann :: IndexParams &gt;' has a constructor with 1 argument that is not explicit." /><error type="" file="..\..\..\..\..\..\..\3rdparty\opencv\build\include\opencv2\core\cvstd_wrapper.hpp" line="92" message="92: (style) Struct 'Ptr &lt; flann :: IndexParams &gt;' has a constructor with 1 argument that is not explicit." /><error type="" file="..\..\..\..\..\..\..\3rdparty\opencv\build\include\opencv2\core\cvstd_wrapper.hpp" line="103" message="103: (style) Struct 'Ptr &lt; flann :: IndexParams &gt;' has a constructor with 1 argument that is not explicit." /><error type="" file="..\..\..\..\..\..\..\3rdparty\opencv\build\include\opencv2\core\cvstd_wrapper.hpp" line="79" message="79: (style) Struct 'Ptr &lt; flann :: SearchParams &gt;' has a constructor with 1 argument that is not explicit." /><error type="" file="..\..\..\..\..\..\..\3rdparty\opencv\build\include\opencv2\core\cvstd_wrapper.hpp" line="88" message="88: (style) Struct 'Ptr &lt; flann :: SearchParams &gt;' has a constructor with 1 argument that is not explicit." /><error type="" file="..\..\..\..\..\..\..\3rdparty\opencv\build\include\opencv2\core\cvstd_wrapper.hpp" line="89" message="89: (style) Struct 'Ptr &lt; flann :: SearchParams &gt;' has a constructor with 1 argument that is not explicit." /><error type="" file="..\..\..\..\..\..\..\3rdparty\opencv\build\include\opencv2\core\cvstd_wrapper.hpp" line="91" message="91: (style) Struct 'Ptr &lt; flann :: SearchParams &gt;' has a constructor with 1 argument that is not explicit." /><error type="" file="..\..\..\..\..\..\..\3rdparty\opencv\build\include\opencv2\core\cvstd_wrapper.hpp" line="92" message="92: (style) Struct 'Ptr &lt; flann :: SearchParams &gt;' has a constructor with 1 argument that is not explicit." /><error type="" file="..\..\..\..\..\..\..\3rdparty\opencv\build\include\opencv2\core\cvstd_wrapper.hpp" line="103" message="103: (style) Struct 'Ptr &lt; flann :: SearchParams &gt;' has a constructor with 1 argument that is not explicit." /><error type="" file="..\..\..\..\..\..\..\3rdparty\opencv\build\include\opencv2\core\cvstd_wrapper.hpp" line="79" message="79: (style) Struct 'Ptr &lt; FlannBasedMatcher &gt;' has a constructor with 1 argument that is not explicit." /><error type="" file="..\..\..\..\..\..\..\3rdparty\opencv\build\include\opencv2\core\cvstd_wrapper.hpp" line="88" message="88: (style) Struct 'Ptr &lt; FlannBasedMatcher &gt;' has a constructor with 1 argument that is not explicit." /><error type="" file="..\..\..\..\..\..\..\3rdparty\opencv\build\include\opencv2\core\cvstd_wrapper.hpp" line="89" message="89: (style) Struct 'Ptr &lt; FlannBasedMatcher &gt;' has a constructor with 1 argument that is not explicit." /><error type="" file="..\..\..\..\..\..\..\3rdparty\opencv\build\include\opencv2\core\cvstd_wrapper.hpp" line="91" message="91: (style) Struct 'Ptr &lt; FlannBasedMatcher &gt;' has a constructor with 1 argument that is not explicit." /><error type="" file="..\..\..\..\..\..\..\3rdparty\opencv\build\include\opencv2\core\cvstd_wrapper.hpp" line="92" message="92: (style) Struct 'Ptr &lt; FlannBasedMatcher &gt;' has a constructor with 1 argument that is not explicit." /><error type="" file="..\..\..\..\..\..\..\3rdparty\opencv\build\include\opencv2\core\cvstd_wrapper.hpp" line="103" message="103: (style) Struct 'Ptr &lt; FlannBasedMatcher &gt;' has a constructor with 1 argument that is not explicit." /><error type="" file="..\..\..\..\..\..\..\3rdparty\opencv\build\include\opencv2\core\cvstd_wrapper.hpp" line="79" message="79: (style) Struct 'Ptr &lt; flann :: Index &gt;' has a constructor with 1 argument that is not explicit." /><error type="" file="..\..\..\..\..\..\..\3rdparty\opencv\build\include\opencv2\core\cvstd_wrapper.hpp" line="88" message="88: (style) Struct 'Ptr &lt; flann :: Index &gt;' has a constructor with 1 argument that is not explicit." /><error type="" file="..\..\..\..\..\..\..\3rdparty\opencv\build\include\opencv2\core\cvstd_wrapper.hpp" line="89" message="89: (style) Struct 'Ptr &lt; flann :: Index &gt;' has a constructor with 1 argument that is not explicit." /><error type="" file="..\..\..\..\..\..\..\3rdparty\opencv\build\include\opencv2\core\cvstd_wrapper.hpp" line="91" message="91: (style) Struct 'Ptr &lt; flann :: Index &gt;' has a constructor with 1 argument that is not explicit." /><error type="" file="..\..\..\..\..\..\..\3rdparty\opencv\build\include\opencv2\core\cvstd_wrapper.hpp" line="92" message="92: (style) Struct 'Ptr &lt; flann :: Index &gt;' has a constructor with 1 argument that is not explicit." /><error type="" file="..\..\..\..\..\..\..\3rdparty\opencv\build\include\opencv2\core\cvstd_wrapper.hpp" line="103" message="103: (style) Struct 'Ptr &lt; flann :: Index &gt;' has a constructor with 1 argument that is not explicit." /><error type="" file="..\..\..\..\..\..\..\3rdparty\opencv\build\include\opencv2\core\cvstd_wrapper.hpp" line="79" message="79: (style) Struct 'Ptr &lt; Feature2D &gt;' has a constructor with 1 argument that is not explicit." /><error type="" file="..\..\..\..\..\..\..\3rdparty\opencv\build\include\opencv2\core\cvstd_wrapper.hpp" line="88" message="88: (style) Struct 'Ptr &lt; Feature2D &gt;' has a constructor with 1 argument that is not explicit." /><error type="" file="..\..\..\..\..\..\..\3rdparty\opencv\build\include\opencv2\core\cvstd_wrapper.hpp" line="89" message="89: (style) Struct 'Ptr &lt; Feature2D &gt;' has a constructor with 1 argument that is not explicit." /><error type="" file="..\..\..\..\..\..\..\3rdparty\opencv\build\include\opencv2\core\cvstd_wrapper.hpp" line="91" message="91: (style) Struct 'Ptr &lt; Feature2D &gt;' has a constructor with 1 argument that is not explicit." /><error type="" file="..\..\..\..\..\..\..\3rdparty\opencv\build\include\opencv2\core\cvstd_wrapper.hpp" line="92" message="92: (style) Struct 'Ptr &lt; Feature2D &gt;' has a constructor with 1 argument that is not explicit." /><error type="" file="..\..\..\..\..\..\..\3rdparty\opencv\build\include\opencv2\core\cvstd_wrapper.hpp" line="103" message="103: (style) Struct 'Ptr &lt; Feature2D &gt;' has a constructor with 1 argument that is not explicit." /><error type="" file="..\..\..\..\..\..\..\3rdparty\opencv\build\include\opencv2\core\cvstd_wrapper.hpp" line="79" message="79: (style) Struct 'Ptr &lt; LMSolver &gt;' has a constructor with 1 argument that is not explicit." /><error type="" file="..\..\..\..\..\..\..\3rdparty\opencv\build\include\opencv2\core\cvstd_wrapper.hpp" line="88" message="88: (style) Struct 'Ptr &lt; LMSolver &gt;' has a constructor with 1 argument that is not explicit." /><error type="" file="..\..\..\..\..\..\..\3rdparty\opencv\build\include\opencv2\core\cvstd_wrapper.hpp" line="89" message="89: (style) Struct 'Ptr &lt; LMSolver &gt;' has a constructor with 1 argument that is not explicit." /><error type="" file="..\..\..\..\..\..\..\3rdparty\opencv\build\include\opencv2\core\cvstd_wrapper.hpp" line="91" message="91: (style) Struct 'Ptr &lt; LMSolver &gt;' has a constructor with 1 argument that is not explicit." /><error type="" file="..\..\..\..\..\..\..\3rdparty\opencv\build\include\opencv2\core\cvstd_wrapper.hpp" line="92" message="92: (style) Struct 'Ptr &lt; LMSolver &gt;' has a constructor with 1 argument that is not explicit." /><error type="" file="..\..\..\..\..\..\..\3rdparty\opencv\build\include\opencv2\core\cvstd_wrapper.hpp" line="103" message="103: (style) Struct 'Ptr &lt; LMSolver &gt;' has a constructor with 1 argument that is not explicit." /><error type="" file="..\..\..\..\..\..\..\3rdparty\opencv\build\include\opencv2\core\cvstd_wrapper.hpp" line="79" message="79: (style) Struct 'Ptr &lt; LMSolver :: Callback &gt;' has a constructor with 1 argument that is not explicit." /><error type="" file="..\..\..\..\..\..\..\3rdparty\opencv\build\include\opencv2\core\cvstd_wrapper.hpp" line="88" message="88: (style) Struct 'Ptr &lt; LMSolver :: Callback &gt;' has a constructor with 1 argument that is not explicit." /><error type="" file="..\..\..\..\..\..\..\3rdparty\opencv\build\include\opencv2\core\cvstd_wrapper.hpp" line="89" message="89: (style) Struct 'Ptr &lt; LMSolver :: Callback &gt;' has a constructor with 1 argument that is not explicit." /><error type="" file="..\..\..\..\..\..\..\3rdparty\opencv\build\include\opencv2\core\cvstd_wrapper.hpp" line="91" message="91: (style) Struct 'Ptr &lt; LMSolver :: Callback &gt;' has a constructor with 1 argument that is not explicit." /><error type="" file="..\..\..\..\..\..\..\3rdparty\opencv\build\include\opencv2\core\cvstd_wrapper.hpp" line="92" message="92: (style) Struct 'Ptr &lt; LMSolver :: Callback &gt;' has a constructor with 1 argument that is not explicit." /><error type="" file="..\..\..\..\..\..\..\3rdparty\opencv\build\include\opencv2\core\cvstd_wrapper.hpp" line="103" message="103: (style) Struct 'Ptr &lt; LMSolver :: Callback &gt;' has a constructor with 1 argument that is not explicit." /><error type="" file="..\..\..\..\..\..\..\3rdparty\opencv\build\include\opencv2\core\cvstd_wrapper.hpp" line="79" message="79: (style) Struct 'Ptr &lt; StereoBM &gt;' has a constructor with 1 argument that is not explicit." /><error type="" file="..\..\..\..\..\..\..\3rdparty\opencv\build\include\opencv2\core\cvstd_wrapper.hpp" line="88" message="88: (style) Struct 'Ptr &lt; StereoBM &gt;' has a constructor with 1 argument that is not explicit." /><error type="" file="..\..\..\..\..\..\..\3rdparty\opencv\build\include\opencv2\core\cvstd_wrapper.hpp" line="89" message="89: (style) Struct 'Ptr &lt; StereoBM &gt;' has a constructor with 1 argument that is not explicit." /><error type="" file="..\..\..\..\..\..\..\3rdparty\opencv\build\include\opencv2\core\cvstd_wrapper.hpp" line="91" message="91: (style) Struct 'Ptr &lt; StereoBM &gt;' has a constructor with 1 argument that is not explicit." /><error type="" file="..\..\..\..\..\..\..\3rdparty\opencv\build\include\opencv2\core\cvstd_wrapper.hpp" line="92" message="92: (style) Struct 'Ptr &lt; StereoBM &gt;' has a constructor with 1 argument that is not explicit." /><error type="" file="..\..\..\..\..\..\..\3rdparty\opencv\build\include\opencv2\core\cvstd_wrapper.hpp" line="103" message="103: (style) Struct 'Ptr &lt; StereoBM &gt;' has a constructor with 1 argument that is not explicit." /><error type="" file="..\..\..\..\..\..\..\3rdparty\opencv\build\include\opencv2\core\cvstd_wrapper.hpp" line="79" message="79: (style) Struct 'Ptr &lt; StereoSGBM &gt;' has a constructor with 1 argument that is not explicit." /><error type="" file="..\..\..\..\..\..\..\3rdparty\opencv\build\include\opencv2\core\cvstd_wrapper.hpp" line="88" message="88: (style) Struct 'Ptr &lt; StereoSGBM &gt;' has a constructor with 1 argument that is not explicit." /><error type="" file="..\..\..\..\..\..\..\3rdparty\opencv\build\include\opencv2\core\cvstd_wrapper.hpp" line="89" message="89: (style) Struct 'Ptr &lt; StereoSGBM &gt;' has a constructor with 1 argument that is not explicit." /><error type="" file="..\..\..\..\..\..\..\3rdparty\opencv\build\include\opencv2\core\cvstd_wrapper.hpp" line="91" message="91: (style) Struct 'Ptr &lt; StereoSGBM &gt;' has a constructor with 1 argument that is not explicit." /><error type="" file="..\..\..\..\..\..\..\3rdparty\opencv\build\include\opencv2\core\cvstd_wrapper.hpp" line="92" message="92: (style) Struct 'Ptr &lt; StereoSGBM &gt;' has a constructor with 1 argument that is not explicit." /><error type="" file="..\..\..\..\..\..\..\3rdparty\opencv\build\include\opencv2\core\cvstd_wrapper.hpp" line="103" message="103: (style) Struct 'Ptr &lt; StereoSGBM &gt;' has a constructor with 1 argument that is not explicit." /><error type="" file="..\..\..\..\..\..\..\3rdparty\opencv\build\include\opencv2\core\cvstd_wrapper.hpp" line="79" message="79: (style) Struct 'Ptr &lt; BackendWrapper &gt;' has a constructor with 1 argument that is not explicit." /><error type="" file="..\..\..\..\..\..\..\3rdparty\opencv\build\include\opencv2\core\cvstd_wrapper.hpp" line="88" message="88: (style) Struct 'Ptr &lt; BackendWrapper &gt;' has a constructor with 1 argument that is not explicit." /><error type="" file="..\..\..\..\..\..\..\3rdparty\opencv\build\include\opencv2\core\cvstd_wrapper.hpp" line="89" message="89: (style) Struct 'Ptr &lt; BackendWrapper &gt;' has a constructor with 1 argument that is not explicit." /><error type="" file="..\..\..\..\..\..\..\3rdparty\opencv\build\include\opencv2\core\cvstd_wrapper.hpp" line="91" message="91: (style) Struct 'Ptr &lt; BackendWrapper &gt;' has a constructor with 1 argument that is not explicit." /><error type="" file="..\..\..\..\..\..\..\3rdparty\opencv\build\include\opencv2\core\cvstd_wrapper.hpp" line="92" message="92: (style) Struct 'Ptr &lt; BackendWrapper &gt;' has a constructor with 1 argument that is not explicit." /><error type="" file="..\..\..\..\..\..\..\3rdparty\opencv\build\include\opencv2\core\cvstd_wrapper.hpp" line="103" message="103: (style) Struct 'Ptr &lt; BackendWrapper &gt;' has a constructor with 1 argument that is not explicit." /><error type="" file="..\..\..\..\..\..\..\3rdparty\opencv\build\include\opencv2\core\cvstd_wrapper.hpp" line="79" message="79: (style) Struct 'Ptr &lt; BackendNode &gt;' has a constructor with 1 argument that is not explicit." /><error type="" file="..\..\..\..\..\..\..\3rdparty\opencv\build\include\opencv2\core\cvstd_wrapper.hpp" line="88" message="88: (style) Struct 'Ptr &lt; BackendNode &gt;' has a constructor with 1 argument that is not explicit." /><error type="" file="..\..\..\..\..\..\..\3rdparty\opencv\build\include\opencv2\core\cvstd_wrapper.hpp" line="89" message="89: (style) Struct 'Ptr &lt; BackendNode &gt;' has a constructor with 1 argument that is not explicit." /><error type="" file="..\..\..\..\..\..\..\3rdparty\opencv\build\include\opencv2\core\cvstd_wrapper.hpp" line="91" message="91: (style) Struct 'Ptr &lt; BackendNode &gt;' has a constructor with 1 argument that is not explicit." /><error type="" file="..\..\..\..\..\..\..\3rdparty\opencv\build\include\opencv2\core\cvstd_wrapper.hpp" line="92" message="92: (style) Struct 'Ptr &lt; BackendNode &gt;' has a constructor with 1 argument that is not explicit." /><error type="" file="..\..\..\..\..\..\..\3rdparty\opencv\build\include\opencv2\core\cvstd_wrapper.hpp" line="103" message="103: (style) Struct 'Ptr &lt; BackendNode &gt;' has a constructor with 1 argument that is not explicit." /><error type="" file="..\..\..\..\..\..\..\3rdparty\opencv\build\include\opencv2\core\cvstd_wrapper.hpp" line="79" message="79: (style) Struct 'Ptr &lt; ActivationLayer &gt;' has a constructor with 1 argument that is not explicit." /><error type="" file="..\..\..\..\..\..\..\3rdparty\opencv\build\include\opencv2\core\cvstd_wrapper.hpp" line="88" message="88: (style) Struct 'Ptr &lt; ActivationLayer &gt;' has a constructor with 1 argument that is not explicit." /><error type="" file="..\..\..\..\..\..\..\3rdparty\opencv\build\include\opencv2\core\cvstd_wrapper.hpp" line="89" message="89: (style) Struct 'Ptr &lt; ActivationLayer &gt;' has a constructor with 1 argument that is not explicit." /><error type="" file="..\..\..\..\..\..\..\3rdparty\opencv\build\include\opencv2\core\cvstd_wrapper.hpp" line="91" message="91: (style) Struct 'Ptr &lt; ActivationLayer &gt;' has a constructor with 1 argument that is not explicit." /><error type="" file="..\..\..\..\..\..\..\3rdparty\opencv\build\include\opencv2\core\cvstd_wrapper.hpp" line="92" message="92: (style) Struct 'Ptr &lt; ActivationLayer &gt;' has a constructor with 1 argument that is not explicit." /><error type="" file="..\..\..\..\..\..\..\3rdparty\opencv\build\include\opencv2\core\cvstd_wrapper.hpp" line="103" message="103: (style) Struct 'Ptr &lt; ActivationLayer &gt;' has a constructor with 1 argument that is not explicit." /><error type="" file="..\..\..\..\..\..\..\3rdparty\opencv\build\include\opencv2\core\cvstd_wrapper.hpp" line="79" message="79: (style) Struct 'Ptr &lt; Layer &gt;' has a constructor with 1 argument that is not explicit." /><error type="" file="..\..\..\..\..\..\..\3rdparty\opencv\build\include\opencv2\core\cvstd_wrapper.hpp" line="88" message="88: (style) Struct 'Ptr &lt; Layer &gt;' has a constructor with 1 argument that is not explicit." /><error type="" file="..\..\..\..\..\..\..\3rdparty\opencv\build\include\opencv2\core\cvstd_wrapper.hpp" line="89" message="89: (style) Struct 'Ptr &lt; Layer &gt;' has a constructor with 1 argument that is not explicit." /><error type="" file="..\..\..\..\..\..\..\3rdparty\opencv\build\include\opencv2\core\cvstd_wrapper.hpp" line="91" message="91: (style) Struct 'Ptr &lt; Layer &gt;' has a constructor with 1 argument that is not explicit." /><error type="" file="..\..\..\..\..\..\..\3rdparty\opencv\build\include\opencv2\core\cvstd_wrapper.hpp" line="92" message="92: (style) Struct 'Ptr &lt; Layer &gt;' has a constructor with 1 argument that is not explicit." /><error type="" file="..\..\..\..\..\..\..\3rdparty\opencv\build\include\opencv2\core\cvstd_wrapper.hpp" line="103" message="103: (style) Struct 'Ptr &lt; Layer &gt;' has a constructor with 1 argument that is not explicit." /><error type="" file="..\..\..\..\..\..\..\3rdparty\opencv\build\include\opencv2\core\cvstd_wrapper.hpp" line="79" message="79: (style) Struct 'Ptr &lt; CvCapture &gt;' has a constructor with 1 argument that is not explicit." /><error type="" file="..\..\..\..\..\..\..\3rdparty\opencv\build\include\opencv2\core\cvstd_wrapper.hpp" line="88" message="88: (style) Struct 'Ptr &lt; CvCapture &gt;' has a constructor with 1 argument that is not explicit." /><error type="" file="..\..\..\..\..\..\..\3rdparty\opencv\build\include\opencv2\core\cvstd_wrapper.hpp" line="89" message="89: (style) Struct 'Ptr &lt; CvCapture &gt;' has a constructor with 1 argument that is not explicit." /><error type="" file="..\..\..\..\..\..\..\3rdparty\opencv\build\include\opencv2\core\cvstd_wrapper.hpp" line="91" message="91: (style) Struct 'Ptr &lt; CvCapture &gt;' has a constructor with 1 argument that is not explicit." /><error type="" file="..\..\..\..\..\..\..\3rdparty\opencv\build\include\opencv2\core\cvstd_wrapper.hpp" line="92" message="92: (style) Struct 'Ptr &lt; CvCapture &gt;' has a constructor with 1 argument that is not explicit." /><error type="" file="..\..\..\..\..\..\..\3rdparty\opencv\build\include\opencv2\core\cvstd_wrapper.hpp" line="103" message="103: (style) Struct 'Ptr &lt; CvCapture &gt;' has a constructor with 1 argument that is not explicit." /><error type="" file="..\..\..\..\..\..\..\3rdparty\opencv\build\include\opencv2\core\cvstd_wrapper.hpp" line="79" message="79: (style) Struct 'Ptr &lt; IVideoCapture &gt;' has a constructor with 1 argument that is not explicit." /><error type="" file="..\..\..\..\..\..\..\3rdparty\opencv\build\include\opencv2\core\cvstd_wrapper.hpp" line="88" message="88: (style) Struct 'Ptr &lt; IVideoCapture &gt;' has a constructor with 1 argument that is not explicit." /><error type="" file="..\..\..\..\..\..\..\3rdparty\opencv\build\include\opencv2\core\cvstd_wrapper.hpp" line="89" message="89: (style) Struct 'Ptr &lt; IVideoCapture &gt;' has a constructor with 1 argument that is not explicit." /><error type="" file="..\..\..\..\..\..\..\3rdparty\opencv\build\include\opencv2\core\cvstd_wrapper.hpp" line="91" message="91: (style) Struct 'Ptr &lt; IVideoCapture &gt;' has a constructor with 1 argument that is not explicit." /><error type="" file="..\..\..\..\..\..\..\3rdparty\opencv\build\include\opencv2\core\cvstd_wrapper.hpp" line="92" message="92: (style) Struct 'Ptr &lt; IVideoCapture &gt;' has a constructor with 1 argument that is not explicit." /><error type="" file="..\..\..\..\..\..\..\3rdparty\opencv\build\include\opencv2\core\cvstd_wrapper.hpp" line="103" message="103: (style) Struct 'Ptr &lt; IVideoCapture &gt;' has a constructor with 1 argument that is not explicit." /><error type="" file="..\..\..\..\..\..\..\3rdparty\opencv\build\include\opencv2\core\cvstd_wrapper.hpp" line="79" message="79: (style) Struct 'Ptr &lt; CvVideoWriter &gt;' has a constructor with 1 argument that is not explicit." /><error type="" file="..\..\..\..\..\..\..\3rdparty\opencv\build\include\opencv2\core\cvstd_wrapper.hpp" line="88" message="88: (style) Struct 'Ptr &lt; CvVideoWriter &gt;' has a constructor with 1 argument that is not explicit." /><error type="" file="..\..\..\..\..\..\..\3rdparty\opencv\build\include\opencv2\core\cvstd_wrapper.hpp" line="89" message="89: (style) Struct 'Ptr &lt; CvVideoWriter &gt;' has a constructor with 1 argument that is not explicit." /><error type="" file="..\..\..\..\..\..\..\3rdparty\opencv\build\include\opencv2\core\cvstd_wrapper.hpp" line="91" message="91: (style) Struct 'Ptr &lt; CvVideoWriter &gt;' has a constructor with 1 argument that is not explicit." /><error type="" file="..\..\..\..\..\..\..\3rdparty\opencv\build\include\opencv2\core\cvstd_wrapper.hpp" line="92" message="92: (style) Struct 'Ptr &lt; CvVideoWriter &gt;' has a constructor with 1 argument that is not explicit." /><error type="" file="..\..\..\..\..\..\..\3rdparty\opencv\build\include\opencv2\core\cvstd_wrapper.hpp" line="103" message="103: (style) Struct 'Ptr &lt; CvVideoWriter &gt;' has a constructor with 1 argument that is not explicit." /><error type="" file="..\..\..\..\..\..\..\3rdparty\opencv\build\include\opencv2\core\cvstd_wrapper.hpp" line="79" message="79: (style) Struct 'Ptr &lt; IVideoWriter &gt;' has a constructor with 1 argument that is not explicit." /><error type="" file="..\..\..\..\..\..\..\3rdparty\opencv\build\include\opencv2\core\cvstd_wrapper.hpp" line="88" message="88: (style) Struct 'Ptr &lt; IVideoWriter &gt;' has a constructor with 1 argument that is not explicit." /><error type="" file="..\..\..\..\..\..\..\3rdparty\opencv\build\include\opencv2\core\cvstd_wrapper.hpp" line="89" message="89: (style) Struct 'Ptr &lt; IVideoWriter &gt;' has a constructor with 1 argument that is not explicit." /><error type="" file="..\..\..\..\..\..\..\3rdparty\opencv\build\include\opencv2\core\cvstd_wrapper.hpp" line="91" message="91: (style) Struct 'Ptr &lt; IVideoWriter &gt;' has a constructor with 1 argument that is not explicit." /><error type="" file="..\..\..\..\..\..\..\3rdparty\opencv\build\include\opencv2\core\cvstd_wrapper.hpp" line="92" message="92: (style) Struct 'Ptr &lt; IVideoWriter &gt;' has a constructor with 1 argument that is not explicit." /><error type="" file="..\..\..\..\..\..\..\3rdparty\opencv\build\include\opencv2\core\cvstd_wrapper.hpp" line="103" message="103: (style) Struct 'Ptr &lt; IVideoWriter &gt;' has a constructor with 1 argument that is not explicit." /><error type="" file="..\..\..\..\..\..\..\3rdparty\opencv\build\include\opencv2\core\cvstd_wrapper.hpp" line="79" message="79: (style) Struct 'Ptr &lt; LineSegmentDetector &gt;' has a constructor with 1 argument that is not explicit." /><error type="" file="..\..\..\..\..\..\..\3rdparty\opencv\build\include\opencv2\core\cvstd_wrapper.hpp" line="88" message="88: (style) Struct 'Ptr &lt; LineSegmentDetector &gt;' has a constructor with 1 argument that is not explicit." /><error type="" file="..\..\..\..\..\..\..\3rdparty\opencv\build\include\opencv2\core\cvstd_wrapper.hpp" line="89" message="89: (style) Struct 'Ptr &lt; LineSegmentDetector &gt;' has a constructor with 1 argument that is not explicit." /><error type="" file="..\..\..\..\..\..\..\3rdparty\opencv\build\include\opencv2\core\cvstd_wrapper.hpp" line="91" message="91: (style) Struct 'Ptr &lt; LineSegmentDetector &gt;' has a constructor with 1 argument that is not explicit." /><error type="" file="..\..\..\..\..\..\..\3rdparty\opencv\build\include\opencv2\core\cvstd_wrapper.hpp" line="92" message="92: (style) Struct 'Ptr &lt; LineSegmentDetector &gt;' has a constructor with 1 argument that is not explicit." /><error type="" file="..\..\..\..\..\..\..\3rdparty\opencv\build\include\opencv2\core\cvstd_wrapper.hpp" line="103" message="103: (style) Struct 'Ptr &lt; LineSegmentDetector &gt;' has a constructor with 1 argument that is not explicit." /><error type="" file="..\..\..\..\..\..\..\3rdparty\opencv\build\include\opencv2\core\cvstd_wrapper.hpp" line="79" message="79: (style) Struct 'Ptr &lt; CLAHE &gt;' has a constructor with 1 argument that is not explicit." /><error type="" file="..\..\..\..\..\..\..\3rdparty\opencv\build\include\opencv2\core\cvstd_wrapper.hpp" line="88" message="88: (style) Struct 'Ptr &lt; CLAHE &gt;' has a constructor with 1 argument that is not explicit." /><error type="" file="..\..\..\..\..\..\..\3rdparty\opencv\build\include\opencv2\core\cvstd_wrapper.hpp" line="89" message="89: (style) Struct 'Ptr &lt; CLAHE &gt;' has a constructor with 1 argument that is not explicit." /><error type="" file="..\..\..\..\..\..\..\3rdparty\opencv\build\include\opencv2\core\cvstd_wrapper.hpp" line="91" message="91: (style) Struct 'Ptr &lt; CLAHE &gt;' has a constructor with 1 argument that is not explicit." /><error type="" file="..\..\..\..\..\..\..\3rdparty\opencv\build\include\opencv2\core\cvstd_wrapper.hpp" line="92" message="92: (style) Struct 'Ptr &lt; CLAHE &gt;' has a constructor with 1 argument that is not explicit." /><error type="" file="..\..\..\..\..\..\..\3rdparty\opencv\build\include\opencv2\core\cvstd_wrapper.hpp" line="103" message="103: (style) Struct 'Ptr &lt; CLAHE &gt;' has a constructor with 1 argument that is not explicit." /><error type="" file="..\..\..\..\..\..\..\3rdparty\opencv\build\include\opencv2\core\cvstd_wrapper.hpp" line="79" message="79: (style) Struct 'Ptr &lt; float &gt;' has a constructor with 1 argument that is not explicit." /><error type="" file="..\..\..\..\..\..\..\3rdparty\opencv\build\include\opencv2\core\cvstd_wrapper.hpp" line="88" message="88: (style) Struct 'Ptr &lt; float &gt;' has a constructor with 1 argument that is not explicit." /><error type="" file="..\..\..\..\..\..\..\3rdparty\opencv\build\include\opencv2\core\cvstd_wrapper.hpp" line="89" message="89: (style) Struct 'Ptr &lt; float &gt;' has a constructor with 1 argument that is not explicit." /><error type="" file="..\..\..\..\..\..\..\3rdparty\opencv\build\include\opencv2\core\cvstd_wrapper.hpp" line="91" message="91: (style) Struct 'Ptr &lt; float &gt;' has a constructor with 1 argument that is not explicit." /><error type="" file="..\..\..\..\..\..\..\3rdparty\opencv\build\include\opencv2\core\cvstd_wrapper.hpp" line="92" message="92: (style) Struct 'Ptr &lt; float &gt;' has a constructor with 1 argument that is not explicit." /><error type="" file="..\..\..\..\..\..\..\3rdparty\opencv\build\include\opencv2\core\cvstd_wrapper.hpp" line="103" message="103: (style) Struct 'Ptr &lt; float &gt;' has a constructor with 1 argument that is not explicit." /><error type="" file="..\..\..\..\..\..\..\3rdparty\opencv\build\include\opencv2\core\cvstd_wrapper.hpp" line="79" message="79: (style) Struct 'Ptr &lt; GeneralizedHoughBallard &gt;' has a constructor with 1 argument that is not explicit." /><error type="" file="..\..\..\..\..\..\..\3rdparty\opencv\build\include\opencv2\core\cvstd_wrapper.hpp" line="88" message="88: (style) Struct 'Ptr &lt; GeneralizedHoughBallard &gt;' has a constructor with 1 argument that is not explicit." /><error type="" file="..\..\..\..\..\..\..\3rdparty\opencv\build\include\opencv2\core\cvstd_wrapper.hpp" line="89" message="89: (style) Struct 'Ptr &lt; GeneralizedHoughBallard &gt;' has a constructor with 1 argument that is not explicit." /><error type="" file="..\..\..\..\..\..\..\3rdparty\opencv\build\include\opencv2\core\cvstd_wrapper.hpp" line="91" message="91: (style) Struct 'Ptr &lt; GeneralizedHoughBallard &gt;' has a constructor with 1 argument that is not explicit." /><error type="" file="..\..\..\..\..\..\..\3rdparty\opencv\build\include\opencv2\core\cvstd_wrapper.hpp" line="92" message="92: (style) Struct 'Ptr &lt; GeneralizedHoughBallard &gt;' has a constructor with 1 argument that is not explicit." /><error type="" file="..\..\..\..\..\..\..\3rdparty\opencv\build\include\opencv2\core\cvstd_wrapper.hpp" line="103" message="103: (style) Struct 'Ptr &lt; GeneralizedHoughBallard &gt;' has a constructor with 1 argument that is not explicit." /><error type="" file="..\..\..\..\..\..\..\3rdparty\opencv\build\include\opencv2\core\cvstd_wrapper.hpp" line="79" message="79: (style) Struct 'Ptr &lt; GeneralizedHoughGuil &gt;' has a constructor with 1 argument that is not explicit." /><error type="" file="..\..\..\..\..\..\..\3rdparty\opencv\build\include\opencv2\core\cvstd_wrapper.hpp" line="88" message="88: (style) Struct 'Ptr &lt; GeneralizedHoughGuil &gt;' has a constructor with 1 argument that is not explicit." /><error type="" file="..\..\..\..\..\..\..\3rdparty\opencv\build\include\opencv2\core\cvstd_wrapper.hpp" line="89" message="89: (style) Struct 'Ptr &lt; GeneralizedHoughGuil &gt;' has a constructor with 1 argument that is not explicit." /><error type="" file="..\..\..\..\..\..\..\3rdparty\opencv\build\include\opencv2\core\cvstd_wrapper.hpp" line="91" message="91: (style) Struct 'Ptr &lt; GeneralizedHoughGuil &gt;' has a constructor with 1 argument that is not explicit." /><error type="" file="..\..\..\..\..\..\..\3rdparty\opencv\build\include\opencv2\core\cvstd_wrapper.hpp" line="92" message="92: (style) Struct 'Ptr &lt; GeneralizedHoughGuil &gt;' has a constructor with 1 argument that is not explicit." /><error type="" file="..\..\..\..\..\..\..\3rdparty\opencv\build\include\opencv2\core\cvstd_wrapper.hpp" line="103" message="103: (style) Struct 'Ptr &lt; GeneralizedHoughGuil &gt;' has a constructor with 1 argument that is not explicit." /><error type="" file="..\..\..\..\..\..\..\3rdparty\opencv\build\include\opencv2\core\cvstd_wrapper.hpp" line="79" message="79: (style) Struct 'Ptr &lt; ParamGrid &gt;' has a constructor with 1 argument that is not explicit." /><error type="" file="..\..\..\..\..\..\..\3rdparty\opencv\build\include\opencv2\core\cvstd_wrapper.hpp" line="88" message="88: (style) Struct 'Ptr &lt; ParamGrid &gt;' has a constructor with 1 argument that is not explicit." /><error type="" file="..\..\..\..\..\..\..\3rdparty\opencv\build\include\opencv2\core\cvstd_wrapper.hpp" line="89" message="89: (style) Struct 'Ptr &lt; ParamGrid &gt;' has a constructor with 1 argument that is not explicit." /><error type="" file="..\..\..\..\..\..\..\3rdparty\opencv\build\include\opencv2\core\cvstd_wrapper.hpp" line="91" message="91: (style) Struct 'Ptr &lt; ParamGrid &gt;' has a constructor with 1 argument that is not explicit." /><error type="" file="..\..\..\..\..\..\..\3rdparty\opencv\build\include\opencv2\core\cvstd_wrapper.hpp" line="92" message="92: (style) Struct 'Ptr &lt; ParamGrid &gt;' has a constructor with 1 argument that is not explicit." /><error type="" file="..\..\..\..\..\..\..\3rdparty\opencv\build\include\opencv2\core\cvstd_wrapper.hpp" line="103" message="103: (style) Struct 'Ptr &lt; ParamGrid &gt;' has a constructor with 1 argument that is not explicit." /><error type="" file="..\..\..\..\..\..\..\3rdparty\opencv\build\include\opencv2\core\cvstd_wrapper.hpp" line="79" message="79: (style) Struct 'Ptr &lt; TrainData &gt;' has a constructor with 1 argument that is not explicit." /><error type="" file="..\..\..\..\..\..\..\3rdparty\opencv\build\include\opencv2\core\cvstd_wrapper.hpp" line="88" message="88: (style) Struct 'Ptr &lt; TrainData &gt;' has a constructor with 1 argument that is not explicit." /><error type="" file="..\..\..\..\..\..\..\3rdparty\opencv\build\include\opencv2\core\cvstd_wrapper.hpp" line="89" message="89: (style) Struct 'Ptr &lt; TrainData &gt;' has a constructor with 1 argument that is not explicit." /><error type="" file="..\..\..\..\..\..\..\3rdparty\opencv\build\include\opencv2\core\cvstd_wrapper.hpp" line="91" message="91: (style) Struct 'Ptr &lt; TrainData &gt;' has a constructor with 1 argument that is not explicit." /><error type="" file="..\..\..\..\..\..\..\3rdparty\opencv\build\include\opencv2\core\cvstd_wrapper.hpp" line="92" message="92: (style) Struct 'Ptr &lt; TrainData &gt;' has a constructor with 1 argument that is not explicit." /><error type="" file="..\..\..\..\..\..\..\3rdparty\opencv\build\include\opencv2\core\cvstd_wrapper.hpp" line="103" message="103: (style) Struct 'Ptr &lt; TrainData &gt;' has a constructor with 1 argument that is not explicit." /><error type="" file="..\..\..\..\..\..\..\3rdparty\opencv\build\include\opencv2\core\cvstd_wrapper.hpp" line="79" message="79: (style) Struct 'Ptr &lt; NormalBayesClassifier &gt;' has a constructor with 1 argument that is not explicit." /><error type="" file="..\..\..\..\..\..\..\3rdparty\opencv\build\include\opencv2\core\cvstd_wrapper.hpp" line="88" message="88: (style) Struct 'Ptr &lt; NormalBayesClassifier &gt;' has a constructor with 1 argument that is not explicit." /><error type="" file="..\..\..\..\..\..\..\3rdparty\opencv\build\include\opencv2\core\cvstd_wrapper.hpp" line="89" message="89: (style) Struct 'Ptr &lt; NormalBayesClassifier &gt;' has a constructor with 1 argument that is not explicit." /><error type="" file="..\..\..\..\..\..\..\3rdparty\opencv\build\include\opencv2\core\cvstd_wrapper.hpp" line="91" message="91: (style) Struct 'Ptr &lt; NormalBayesClassifier &gt;' has a constructor with 1 argument that is not explicit." /><error type="" file="..\..\..\..\..\..\..\3rdparty\opencv\build\include\opencv2\core\cvstd_wrapper.hpp" line="92" message="92: (style) Struct 'Ptr &lt; NormalBayesClassifier &gt;' has a constructor with 1 argument that is not explicit." /><error type="" file="..\..\..\..\..\..\..\3rdparty\opencv\build\include\opencv2\core\cvstd_wrapper.hpp" line="103" message="103: (style) Struct 'Ptr &lt; NormalBayesClassifier &gt;' has a constructor with 1 argument that is not explicit." /><error type="" file="..\..\..\..\..\..\..\3rdparty\opencv\build\include\opencv2\core\cvstd_wrapper.hpp" line="79" message="79: (style) Struct 'Ptr &lt; KNearest &gt;' has a constructor with 1 argument that is not explicit." /><error type="" file="..\..\..\..\..\..\..\3rdparty\opencv\build\include\opencv2\core\cvstd_wrapper.hpp" line="88" message="88: (style) Struct 'Ptr &lt; KNearest &gt;' has a constructor with 1 argument that is not explicit." /><error type="" file="..\..\..\..\..\..\..\3rdparty\opencv\build\include\opencv2\core\cvstd_wrapper.hpp" line="89" message="89: (style) Struct 'Ptr &lt; KNearest &gt;' has a constructor with 1 argument that is not explicit." /><error type="" file="..\..\..\..\..\..\..\3rdparty\opencv\build\include\opencv2\core\cvstd_wrapper.hpp" line="91" message="91: (style) Struct 'Ptr &lt; KNearest &gt;' has a constructor with 1 argument that is not explicit." /><error type="" file="..\..\..\..\..\..\..\3rdparty\opencv\build\include\opencv2\core\cvstd_wrapper.hpp" line="92" message="92: (style) Struct 'Ptr &lt; KNearest &gt;' has a constructor with 1 argument that is not explicit." /><error type="" file="..\..\..\..\..\..\..\3rdparty\opencv\build\include\opencv2\core\cvstd_wrapper.hpp" line="103" message="103: (style) Struct 'Ptr &lt; KNearest &gt;' has a constructor with 1 argument that is not explicit." /><error type="" file="..\..\..\..\..\..\..\3rdparty\opencv\build\include\opencv2\core\cvstd_wrapper.hpp" line="79" message="79: (style) Struct 'Ptr &lt; Kernel &gt;' has a constructor with 1 argument that is not explicit." /><error type="" file="..\..\..\..\..\..\..\3rdparty\opencv\build\include\opencv2\core\cvstd_wrapper.hpp" line="88" message="88: (style) Struct 'Ptr &lt; Kernel &gt;' has a constructor with 1 argument that is not explicit." /><error type="" file="..\..\..\..\..\..\..\3rdparty\opencv\build\include\opencv2\core\cvstd_wrapper.hpp" line="89" message="89: (style) Struct 'Ptr &lt; Kernel &gt;' has a constructor with 1 argument that is not explicit." /><error type="" file="..\..\..\..\..\..\..\3rdparty\opencv\build\include\opencv2\core\cvstd_wrapper.hpp" line="91" message="91: (style) Struct 'Ptr &lt; Kernel &gt;' has a constructor with 1 argument that is not explicit." /><error type="" file="..\..\..\..\..\..\..\3rdparty\opencv\build\include\opencv2\core\cvstd_wrapper.hpp" line="92" message="92: (style) Struct 'Ptr &lt; Kernel &gt;' has a constructor with 1 argument that is not explicit." /><error type="" file="..\..\..\..\..\..\..\3rdparty\opencv\build\include\opencv2\core\cvstd_wrapper.hpp" line="103" message="103: (style) Struct 'Ptr &lt; Kernel &gt;' has a constructor with 1 argument that is not explicit." /><error type="" file="..\..\..\..\..\..\..\3rdparty\opencv\build\include\opencv2\core\cvstd_wrapper.hpp" line="79" message="79: (style) Struct 'Ptr &lt; SVM &gt;' has a constructor with 1 argument that is not explicit." /><error type="" file="..\..\..\..\..\..\..\3rdparty\opencv\build\include\opencv2\core\cvstd_wrapper.hpp" line="88" message="88: (style) Struct 'Ptr &lt; SVM &gt;' has a constructor with 1 argument that is not explicit." /><error type="" file="..\..\..\..\..\..\..\3rdparty\opencv\build\include\opencv2\core\cvstd_wrapper.hpp" line="89" message="89: (style) Struct 'Ptr &lt; SVM &gt;' has a constructor with 1 argument that is not explicit." /><error type="" file="..\..\..\..\..\..\..\3rdparty\opencv\build\include\opencv2\core\cvstd_wrapper.hpp" line="91" message="91: (style) Struct 'Ptr &lt; SVM &gt;' has a constructor with 1 argument that is not explicit." /><error type="" file="..\..\..\..\..\..\..\3rdparty\opencv\build\include\opencv2\core\cvstd_wrapper.hpp" line="92" message="92: (style) Struct 'Ptr &lt; SVM &gt;' has a constructor with 1 argument that is not explicit." /><error type="" file="..\..\..\..\..\..\..\3rdparty\opencv\build\include\opencv2\core\cvstd_wrapper.hpp" line="103" message="103: (style) Struct 'Ptr &lt; SVM &gt;' has a constructor with 1 argument that is not explicit." /><error type="" file="..\..\..\..\..\..\..\3rdparty\opencv\build\include\opencv2\core\cvstd_wrapper.hpp" line="79" message="79: (style) Struct 'Ptr &lt; EM &gt;' has a constructor with 1 argument that is not explicit." /><error type="" file="..\..\..\..\..\..\..\3rdparty\opencv\build\include\opencv2\core\cvstd_wrapper.hpp" line="88" message="88: (style) Struct 'Ptr &lt; EM &gt;' has a constructor with 1 argument that is not explicit." /><error type="" file="..\..\..\..\..\..\..\3rdparty\opencv\build\include\opencv2\core\cvstd_wrapper.hpp" line="89" message="89: (style) Struct 'Ptr &lt; EM &gt;' has a constructor with 1 argument that is not explicit." /><error type="" file="..\..\..\..\..\..\..\3rdparty\opencv\build\include\opencv2\core\cvstd_wrapper.hpp" line="91" message="91: (style) Struct 'Ptr &lt; EM &gt;' has a constructor with 1 argument that is not explicit." /><error type="" file="..\..\..\..\..\..\..\3rdparty\opencv\build\include\opencv2\core\cvstd_wrapper.hpp" line="92" message="92: (style) Struct 'Ptr &lt; EM &gt;' has a constructor with 1 argument that is not explicit." /><error type="" file="..\..\..\..\..\..\..\3rdparty\opencv\build\include\opencv2\core\cvstd_wrapper.hpp" line="103" message="103: (style) Struct 'Ptr &lt; EM &gt;' has a constructor with 1 argument that is not explicit." /><error type="" file="..\..\..\..\..\..\..\3rdparty\opencv\build\include\opencv2\core\cvstd_wrapper.hpp" line="79" message="79: (style) Struct 'Ptr &lt; DTrees &gt;' has a constructor with 1 argument that is not explicit." /><error type="" file="..\..\..\..\..\..\..\3rdparty\opencv\build\include\opencv2\core\cvstd_wrapper.hpp" line="88" message="88: (style) Struct 'Ptr &lt; DTrees &gt;' has a constructor with 1 argument that is not explicit." /><error type="" file="..\..\..\..\..\..\..\3rdparty\opencv\build\include\opencv2\core\cvstd_wrapper.hpp" line="89" message="89: (style) Struct 'Ptr &lt; DTrees &gt;' has a constructor with 1 argument that is not explicit." /><error type="" file="..\..\..\..\..\..\..\3rdparty\opencv\build\include\opencv2\core\cvstd_wrapper.hpp" line="91" message="91: (style) Struct 'Ptr &lt; DTrees &gt;' has a constructor with 1 argument that is not explicit." /><error type="" file="..\..\..\..\..\..\..\3rdparty\opencv\build\include\opencv2\core\cvstd_wrapper.hpp" line="92" message="92: (style) Struct 'Ptr &lt; DTrees &gt;' has a constructor with 1 argument that is not explicit." /><error type="" file="..\..\..\..\..\..\..\3rdparty\opencv\build\include\opencv2\core\cvstd_wrapper.hpp" line="103" message="103: (style) Struct 'Ptr &lt; DTrees &gt;' has a constructor with 1 argument that is not explicit." /><error type="" file="..\..\..\..\..\..\..\3rdparty\opencv\build\include\opencv2\core\cvstd_wrapper.hpp" line="79" message="79: (style) Struct 'Ptr &lt; RTrees &gt;' has a constructor with 1 argument that is not explicit." /><error type="" file="..\..\..\..\..\..\..\3rdparty\opencv\build\include\opencv2\core\cvstd_wrapper.hpp" line="88" message="88: (style) Struct 'Ptr &lt; RTrees &gt;' has a constructor with 1 argument that is not explicit." /><error type="" file="..\..\..\..\..\..\..\3rdparty\opencv\build\include\opencv2\core\cvstd_wrapper.hpp" line="89" message="89: (style) Struct 'Ptr &lt; RTrees &gt;' has a constructor with 1 argument that is not explicit." /><error type="" file="..\..\..\..\..\..\..\3rdparty\opencv\build\include\opencv2\core\cvstd_wrapper.hpp" line="91" message="91: (style) Struct 'Ptr &lt; RTrees &gt;' has a constructor with 1 argument that is not explicit." /><error type="" file="..\..\..\..\..\..\..\3rdparty\opencv\build\include\opencv2\core\cvstd_wrapper.hpp" line="92" message="92: (style) Struct 'Ptr &lt; RTrees &gt;' has a constructor with 1 argument that is not explicit." /><error type="" file="..\..\..\..\..\..\..\3rdparty\opencv\build\include\opencv2\core\cvstd_wrapper.hpp" line="103" message="103: (style) Struct 'Ptr &lt; RTrees &gt;' has a constructor with 1 argument that is not explicit." /><error type="" file="..\..\..\..\..\..\..\3rdparty\opencv\build\include\opencv2\core\cvstd_wrapper.hpp" line="79" message="79: (style) Struct 'Ptr &lt; Boost &gt;' has a constructor with 1 argument that is not explicit." /><error type="" file="..\..\..\..\..\..\..\3rdparty\opencv\build\include\opencv2\core\cvstd_wrapper.hpp" line="88" message="88: (style) Struct 'Ptr &lt; Boost &gt;' has a constructor with 1 argument that is not explicit." /><error type="" file="..\..\..\..\..\..\..\3rdparty\opencv\build\include\opencv2\core\cvstd_wrapper.hpp" line="89" message="89: (style) Struct 'Ptr &lt; Boost &gt;' has a constructor with 1 argument that is not explicit." /><error type="" file="..\..\..\..\..\..\..\3rdparty\opencv\build\include\opencv2\core\cvstd_wrapper.hpp" line="91" message="91: (style) Struct 'Ptr &lt; Boost &gt;' has a constructor with 1 argument that is not explicit." /><error type="" file="..\..\..\..\..\..\..\3rdparty\opencv\build\include\opencv2\core\cvstd_wrapper.hpp" line="92" message="92: (style) Struct 'Ptr &lt; Boost &gt;' has a constructor with 1 argument that is not explicit." /><error type="" file="..\..\..\..\..\..\..\3rdparty\opencv\build\include\opencv2\core\cvstd_wrapper.hpp" line="103" message="103: (style) Struct 'Ptr &lt; Boost &gt;' has a constructor with 1 argument that is not explicit." /><error type="" file="..\..\..\..\..\..\..\3rdparty\opencv\build\include\opencv2\core\cvstd_wrapper.hpp" line="79" message="79: (style) Struct 'Ptr &lt; ANN_MLP &gt;' has a constructor with 1 argument that is not explicit." /><error type="" file="..\..\..\..\..\..\..\3rdparty\opencv\build\include\opencv2\core\cvstd_wrapper.hpp" line="88" message="88: (style) Struct 'Ptr &lt; ANN_MLP &gt;' has a constructor with 1 argument that is not explicit." /><error type="" file="..\..\..\..\..\..\..\3rdparty\opencv\build\include\opencv2\core\cvstd_wrapper.hpp" line="89" message="89: (style) Struct 'Ptr &lt; ANN_MLP &gt;' has a constructor with 1 argument that is not explicit." /><error type="" file="..\..\..\..\..\..\..\3rdparty\opencv\build\include\opencv2\core\cvstd_wrapper.hpp" line="91" message="91: (style) Struct 'Ptr &lt; ANN_MLP &gt;' has a constructor with 1 argument that is not explicit." /><error type="" file="..\..\..\..\..\..\..\3rdparty\opencv\build\include\opencv2\core\cvstd_wrapper.hpp" line="92" message="92: (style) Struct 'Ptr &lt; ANN_MLP &gt;' has a constructor with 1 argument that is not explicit." /><error type="" file="..\..\..\..\..\..\..\3rdparty\opencv\build\include\opencv2\core\cvstd_wrapper.hpp" line="103" message="103: (style) Struct 'Ptr &lt; ANN_MLP &gt;' has a constructor with 1 argument that is not explicit." /><error type="" file="..\..\..\..\..\..\..\3rdparty\opencv\build\include\opencv2\core\cvstd_wrapper.hpp" line="79" message="79: (style) Struct 'Ptr &lt; LogisticRegression &gt;' has a constructor with 1 argument that is not explicit." /><error type="" file="..\..\..\..\..\..\..\3rdparty\opencv\build\include\opencv2\core\cvstd_wrapper.hpp" line="88" message="88: (style) Struct 'Ptr &lt; LogisticRegression &gt;' has a constructor with 1 argument that is not explicit." /><error type="" file="..\..\..\..\..\..\..\3rdparty\opencv\build\include\opencv2\core\cvstd_wrapper.hpp" line="89" message="89: (style) Struct 'Ptr &lt; LogisticRegression &gt;' has a constructor with 1 argument that is not explicit." /><error type="" file="..\..\..\..\..\..\..\3rdparty\opencv\build\include\opencv2\core\cvstd_wrapper.hpp" line="91" message="91: (style) Struct 'Ptr &lt; LogisticRegression &gt;' has a constructor with 1 argument that is not explicit." /><error type="" file="..\..\..\..\..\..\..\3rdparty\opencv\build\include\opencv2\core\cvstd_wrapper.hpp" line="92" message="92: (style) Struct 'Ptr &lt; LogisticRegression &gt;' has a constructor with 1 argument that is not explicit." /><error type="" file="..\..\..\..\..\..\..\3rdparty\opencv\build\include\opencv2\core\cvstd_wrapper.hpp" line="103" message="103: (style) Struct 'Ptr &lt; LogisticRegression &gt;' has a constructor with 1 argument that is not explicit." /><error type="" file="..\..\..\..\..\..\..\3rdparty\opencv\build\include\opencv2\core\cvstd_wrapper.hpp" line="79" message="79: (style) Struct 'Ptr &lt; SVMSGD &gt;' has a constructor with 1 argument that is not explicit." /><error type="" file="..\..\..\..\..\..\..\3rdparty\opencv\build\include\opencv2\core\cvstd_wrapper.hpp" line="88" message="88: (style) Struct 'Ptr &lt; SVMSGD &gt;' has a constructor with 1 argument that is not explicit." /><error type="" file="..\..\..\..\..\..\..\3rdparty\opencv\build\include\opencv2\core\cvstd_wrapper.hpp" line="89" message="89: (style) Struct 'Ptr &lt; SVMSGD &gt;' has a constructor with 1 argument that is not explicit." /><error type="" file="..\..\..\..\..\..\..\3rdparty\opencv\build\include\opencv2\core\cvstd_wrapper.hpp" line="91" message="91: (style) Struct 'Ptr &lt; SVMSGD &gt;' has a constructor with 1 argument that is not explicit." /><error type="" file="..\..\..\..\..\..\..\3rdparty\opencv\build\include\opencv2\core\cvstd_wrapper.hpp" line="92" message="92: (style) Struct 'Ptr &lt; SVMSGD &gt;' has a constructor with 1 argument that is not explicit." /><error type="" file="..\..\..\..\..\..\..\3rdparty\opencv\build\include\opencv2\core\cvstd_wrapper.hpp" line="103" message="103: (style) Struct 'Ptr &lt; SVMSGD &gt;' has a constructor with 1 argument that is not explicit." /><error type="" file="..\..\..\..\..\..\..\3rdparty\opencv\build\include\opencv2\core\cvstd_wrapper.hpp" line="79" message="79: (style) Struct 'Ptr &lt; MaskGenerator &gt;' has a constructor with 1 argument that is not explicit." /><error type="" file="..\..\..\..\..\..\..\3rdparty\opencv\build\include\opencv2\core\cvstd_wrapper.hpp" line="88" message="88: (style) Struct 'Ptr &lt; MaskGenerator &gt;' has a constructor with 1 argument that is not explicit." /><error type="" file="..\..\..\..\..\..\..\3rdparty\opencv\build\include\opencv2\core\cvstd_wrapper.hpp" line="89" message="89: (style) Struct 'Ptr &lt; MaskGenerator &gt;' has a constructor with 1 argument that is not explicit." /><error type="" file="..\..\..\..\..\..\..\3rdparty\opencv\build\include\opencv2\core\cvstd_wrapper.hpp" line="91" message="91: (style) Struct 'Ptr &lt; MaskGenerator &gt;' has a constructor with 1 argument that is not explicit." /><error type="" file="..\..\..\..\..\..\..\3rdparty\opencv\build\include\opencv2\core\cvstd_wrapper.hpp" line="92" message="92: (style) Struct 'Ptr &lt; MaskGenerator &gt;' has a constructor with 1 argument that is not explicit." /><error type="" file="..\..\..\..\..\..\..\3rdparty\opencv\build\include\opencv2\core\cvstd_wrapper.hpp" line="103" message="103: (style) Struct 'Ptr &lt; MaskGenerator &gt;' has a constructor with 1 argument that is not explicit." /><error type="" file="..\..\..\..\..\..\..\3rdparty\opencv\build\include\opencv2\core\cvstd_wrapper.hpp" line="79" message="79: (style) Struct 'Ptr &lt; BaseCascadeClassifier :: MaskGenerator &gt;' has a constructor with 1 argument that is not explicit." /><error type="" file="..\..\..\..\..\..\..\3rdparty\opencv\build\include\opencv2\core\cvstd_wrapper.hpp" line="88" message="88: (style) Struct 'Ptr &lt; BaseCascadeClassifier :: MaskGenerator &gt;' has a constructor with 1 argument that is not explicit." /><error type="" file="..\..\..\..\..\..\..\3rdparty\opencv\build\include\opencv2\core\cvstd_wrapper.hpp" line="89" message="89: (style) Struct 'Ptr &lt; BaseCascadeClassifier :: MaskGenerator &gt;' has a constructor with 1 argument that is not explicit." /><error type="" file="..\..\..\..\..\..\..\3rdparty\opencv\build\include\opencv2\core\cvstd_wrapper.hpp" line="91" message="91: (style) Struct 'Ptr &lt; BaseCascadeClassifier :: MaskGenerator &gt;' has a constructor with 1 argument that is not explicit." /><error type="" file="..\..\..\..\..\..\..\3rdparty\opencv\build\include\opencv2\core\cvstd_wrapper.hpp" line="92" message="92: (style) Struct 'Ptr &lt; BaseCascadeClassifier :: MaskGenerator &gt;' has a constructor with 1 argument that is not explicit." /><error type="" file="..\..\..\..\..\..\..\3rdparty\opencv\build\include\opencv2\core\cvstd_wrapper.hpp" line="103" message="103: (style) Struct 'Ptr &lt; BaseCascadeClassifier :: MaskGenerator &gt;' has a constructor with 1 argument that is not explicit." /><error type="" file="..\..\..\..\..\..\..\3rdparty\opencv\build\include\opencv2\core\cvstd_wrapper.hpp" line="79" message=
[...]
error" time="1"><error type="" file="..\..\..\..\..\..\..\3rdparty\opencv\build\include\opencv2\flann\linear_index.h" line="59" message="59: (style) Class 'LinearIndex' has a constructor with 1 argument that is not explicit." /></testcase><testcase name="..\..\..\..\..\..\..\3rdparty\opencv\build\include\opencv2\flann\hierarchical_clustering_index.h" classname="Cppcheck error" time="1"><error type="" file="..\..\..\..\..\..\..\3rdparty\opencv\build\include\opencv2\flann\hierarchical_clustering_index.h" line="359" message="359: (style) Class 'HierarchicalClusteringIndex' has a constructor with 1 argument that is not explicit." /><error type="" file="..\..\..\..\..\..\..\3rdparty\opencv\build\include\opencv2\flann\hierarchical_clustering_index.h" line="117" message="117: (style) The scope of the variable 'rnd' can be reduced." /><error type="" file="..\..\..\..\..\..\..\3rdparty\opencv\build\include\opencv2\flann\hierarchical_clustering_index.h" line="110" message="110: (style) Parameter 'dsindices' can be declared with const" /><error type="" file="..\..\..\..\..\..\..\3rdparty\opencv\build\include\opencv2\flann\hierarchical_clustering_index.h" line="699" message="699: (error) Uninitialized variable: centers_length" /></testcase><testcase name="..\..\..\..\..\..\..\3rdparty\opencv\build\include\opencv2\flann\lsh_index.h" classname="Cppcheck error" time="1"><error type="" file="..\..\..\..\..\..\..\3rdparty\opencv\build\include\opencv2\flann\lsh_index.h" line="91" message="91: (style) Class 'LshIndex' has a constructor with 1 argument that is not explicit." /></testcase><testcase name="..\..\..\..\..\..\..\3rdparty\opencv\build\include\opencv2\flann\autotuned_index.h" classname="Cppcheck error" time="1"><error type="" file="..\..\..\..\..\..\..\3rdparty\opencv\build\include\opencv2\flann\autotuned_index.h" line="80" message="80: (style) Class 'AutotunedIndex' has a constructor with 1 argument that is not explicit." /><error type="" file="..\..\..\..\..\..\..\3rdparty\opencv\build\include\opencv2\flann\autotuned_index.h" line="522" message="522: (style) The scope of the variable 'cb_index' can be reduced." /><error type="" file="..\..\..\..\..\..\..\3rdparty\opencv\build\include\opencv2\flann\autotuned_index.h" line="452" message="452: (error) Uninitialized variable: linear_cost.totalCost" /><error type="" file="..\..\..\..\..\..\..\3rdparty\opencv\build\include\opencv2\flann\autotuned_index.h" line="452" message="452: (error) Uninitialized struct member: linear_cost.totalCost" /></testcase><testcase name="..\..\..\..\..\..\..\3rdparty\opencv\build\include\opencv2\flann\flann_base.hpp" classname="Cppcheck error" time="1"><error type="" file="..\..\..\..\..\..\..\3rdparty\opencv\build\include\opencv2\flann\flann_base.hpp" line="66" message="66: (style) Struct 'SavedIndexParams' has a constructor with 1 argument that is not explicit." /><error type="" file="..\..\..\..\..\..\..\3rdparty\opencv\build\include\opencv2\flann\flann_base.hpp" line="66" message="66: (performance) Function parameter 'filename' should be passed by const reference." /><error type="" file="..\..\..\..\..\..\..\3rdparty\opencv\build\include\opencv2\flann\flann_base.hpp" line="140" message="140: (performance) Function parameter 'filename' should be passed by const reference." /></testcase><testcase name="..\..\..\..\..\..\..\3rdparty\opencv\build\include\opencv2\imgproc.hpp" classname="Cppcheck error" time="1"><error type="" file="..\..\..\..\..\..\..\3rdparty\opencv\build\include\opencv2\imgproc.hpp" line="1025" message="1025: (style) Class 'Subdiv2D' has a constructor with 1 argument that is not explicit." /><error type="" file="..\..\..\..\..\..\..\3rdparty\opencv\build\include\opencv2\imgproc.hpp" line="1227" message="1227: (style) Struct 'QuadEdge' has a constructor with 1 argument that is not explicit." /></testcase><testcase name="..\..\..\..\..\..\..\3rdparty\opencv\build\include\opencv2\objdetect\detection_based_tracker.hpp" classname="Cppcheck error" time="1"><error type="" file="..\..\..\..\..\..\..\3rdparty\opencv\build\include\opencv2\objdetect\detection_based_tracker.hpp" line="191" message="191: (style) Struct 'TrackedObject' has a constructor with 1 argument that is not explicit." /></testcase><testcase name="..\..\..\..\..\..\..\3rdparty\opencv\build\include\opencv2\core\cuda_types.hpp" classname="Cppcheck error" time="1"><error type="" file="..\..\..\..\..\..\..\3rdparty\opencv\build\include\opencv2\core\cuda_types.hpp" line="87" message="87: (style) Struct 'DevPtr' has a constructor with 1 argument that is not explicit." /><error type="" file="..\..\..\..\..\..\..\3rdparty\opencv\build\include\opencv2\core\cuda_types.hpp" line="109" message="109: (style) C-style pointer casting" /><error type="" file="..\..\..\..\..\..\..\3rdparty\opencv\build\include\opencv2\core\cuda_types.hpp" line="110" message="110: (style) C-style pointer casting" /><error type="" file="..\..\..\..\..\..\..\3rdparty\opencv\build\include\opencv2\core\cuda_types.hpp" line="123" message="123: (style) C-style pointer casting" /></testcase><testcase name="..\..\..\..\..\..\..\3rdparty\opencv\build\include\opencv2\core\cuda.hpp" classname="Cppcheck error" time="1"><error type="" file="..\..\..\..\..\..\..\3rdparty\opencv\build\include\opencv2\core\cuda.hpp" line="657" message="657: (style) Class 'Stream' has a constructor with 1 argument that is not explicit." /><error type="" file="..\..\..\..\..\..\..\3rdparty\opencv\build\include\opencv2\core\cuda.hpp" line="694" message="694: (style) Class 'Stream' has a constructor with 1 argument that is not explicit." /><error type="" file="..\..\..\..\..\..\..\3rdparty\opencv\build\include\opencv2\core\cuda.hpp" line="730" message="730: (style) Class 'Event' has a constructor with 1 argument that is not explicit." /><error type="" file="..\..\..\..\..\..\..\3rdparty\opencv\build\include\opencv2\core\cuda.hpp" line="842" message="842: (style) Class 'DeviceInfo' has a constructor with 1 argument that is not explicit." /></testcase><testcase name="..\..\..\..\..\..\..\3rdparty\opencv\build\include\opencv2\stitching\detail\warpers.hpp" classname="Cppcheck error" time="1"><error type="" file="..\..\..\..\..\..\..\3rdparty\opencv\build\include\opencv2\stitching\detail\warpers.hpp" line="292" message="292: (style) Class 'SphericalWarper' has a constructor with 1 argument that is not explicit." /><error type="" file="..\..\..\..\..\..\..\3rdparty\opencv\build\include\opencv2\stitching\detail\warpers.hpp" line="317" message="317: (style) Class 'CylindricalWarper' has a constructor with 1 argument that is not explicit." /><error type="" file="..\..\..\..\..\..\..\3rdparty\opencv\build\include\opencv2\stitching\detail\warpers.hpp" line="339" message="339: (style) Class 'FisheyeWarper' has a constructor with 1 argument that is not explicit." /><error type="" file="..\..\..\..\..\..\..\3rdparty\opencv\build\include\opencv2\stitching\detail\warpers.hpp" line="353" message="353: (style) Class 'StereographicWarper' has a constructor with 1 argument that is not explicit." /><error type="" file="..\..\..\..\..\..\..\3rdparty\opencv\build\include\opencv2\stitching\detail\warpers.hpp" line="369" message="369: (style) Class 'CompressedRectilinearWarper' has a constructor with 1 argument that is not explicit." /><error type="" file="..\..\..\..\..\..\..\3rdparty\opencv\build\include\opencv2\stitching\detail\warpers.hpp" line="390" message="390: (style) Class 'CompressedRectilinearPortraitWarper' has a constructor with 1 argument that is not explicit." /><error type="" file="..\..\..\..\..\..\..\3rdparty\opencv\build\include\opencv2\stitching\detail\warpers.hpp" line="411" message="411: (style) Class 'PaniniWarper' has a constructor with 1 argument that is not explicit." /><error type="" file="..\..\..\..\..\..\..\3rdparty\opencv\build\include\opencv2\stitching\detail\warpers.hpp" line="432" message="432: (style) Class 'PaniniPortraitWarper' has a constructor with 1 argument that is not explicit." /><error type="" file="..\..\..\..\..\..\..\3rdparty\opencv\build\include\opencv2\stitching\detail\warpers.hpp" line="452" message="452: (style) Class 'MercatorWarper' has a constructor with 1 argument that is not explicit." /><error type="" file="..\..\..\..\..\..\..\3rdparty\opencv\build\include\opencv2\stitching\detail\warpers.hpp" line="466" message="466: (style) Class 'TransverseMercatorWarper' has a constructor with 1 argument that is not explicit." /><error type="" file="..\..\..\..\..\..\..\3rdparty\opencv\build\include\opencv2\stitching\detail\warpers.hpp" line="527" message="527: (style) Class 'SphericalWarperGpu' has a constructor with 1 argument that is not explicit." /><error type="" file="..\..\..\..\..\..\..\3rdparty\opencv\build\include\opencv2\stitching\detail\warpers.hpp" line="559" message="559: (style) Class 'CylindricalWarperGpu' has a constructor with 1 argument that is not explicit." /><error type="" file="..\..\..\..\..\..\..\3rdparty\opencv\build\include\opencv2\stitching\detail\warpers.hpp" line="600" message="600: (style) Class 'SphericalPortraitWarper' has a constructor with 1 argument that is not explicit." /><error type="" file="..\..\..\..\..\..\..\3rdparty\opencv\build\include\opencv2\stitching\detail\warpers.hpp" line="616" message="616: (style) Class 'CylindricalPortraitWarper' has a constructor with 1 argument that is not explicit." /><error type="" file="..\..\..\..\..\..\..\3rdparty\opencv\build\include\opencv2\stitching\detail\warpers.hpp" line="635" message="635: (style) Class 'PlanePortraitWarper' has a constructor with 1 argument that is not explicit." /></testcase><testcase name="..\..\..\..\..\..\..\3rdparty\opencv\build\include\opencv2\stitching\detail\exposure_compensate.hpp" classname="Cppcheck error" time="1"><error type="" file="..\..\..\..\..\..\..\3rdparty\opencv\build\include\opencv2\stitching\detail\exposure_compensate.hpp" line="117" message="117: (style) Class 'GainCompensator' has a constructor with 1 argument that is not explicit." /><error type="" file="..\..\..\..\..\..\..\3rdparty\opencv\build\include\opencv2\stitching\detail\exposure_compensate.hpp" line="176" message="176: (style) The function 'feed' overrides a function in a base class but is not marked with a 'override' specifier." /></testcase><testcase name="..\..\..\..\..\..\..\3rdparty\opencv\build\include\opencv2\stitching\detail\seam_finders.hpp" classname="Cppcheck error" time="1"><error type="" file="..\..\..\..\..\..\..\3rdparty\opencv\build\include\opencv2\stitching\detail\seam_finders.hpp" line="126" message="126: (style) Class 'DpSeamFinder' has a constructor with 1 argument that is not explicit." /><error type="" file="..\..\..\..\..\..\..\3rdparty\opencv\build\include\opencv2\stitching\detail\seam_finders.hpp" line="170" message="170: (style) Class 'ClosePoints' has a constructor with 1 argument that is not explicit." /><error type="" file="..\..\..\..\..\..\..\3rdparty\opencv\build\include\opencv2\stitching\detail\seam_finders.hpp" line="245" message="245: (style) Class 'GraphCutSeamFinder' has a constructor with 1 argument that is not explicit." /></testcase><testcase name="..\..\..\..\..\..\..\3rdparty\opencv\build\include\opencv2\core\affine.hpp" classname="Cppcheck error" time="1"><error type="" file="..\..\..\..\..\..\..\3rdparty\opencv\build\include\opencv2\core\affine.hpp" line="138" message="138: (style) Class 'Affine3 &lt; float &gt;' has a constructor with 1 argument that is not explicit." /><error type="" file="..\..\..\..\..\..\..\3rdparty\opencv\build\include\opencv2\core\affine.hpp" line="153" message="153: (style) Class 'Affine3 &lt; float &gt;' has a constructor with 1 argument that is not explicit." /><error type="" file="..\..\..\..\..\..\..\3rdparty\opencv\build\include\opencv2\core\affine.hpp" line="164" message="164: (style) Class 'Affine3 &lt; float &gt;' has a constructor with 1 argument that is not explicit." /><error type="" file="..\..\..\..\..\..\..\3rdparty\opencv\build\include\opencv2\core\affine.hpp" line="138" message="138: (style) Class 'Affine3 &lt; double &gt;' has a constructor with 1 argument that is not explicit." /><error type="" file="..\..\..\..\..\..\..\3rdparty\opencv\build\include\opencv2\core\affine.hpp" line="153" message="153: (style) Class 'Affine3 &lt; double &gt;' has a constructor with 1 argument that is not explicit." /><error type="" file="..\..\..\..\..\..\..\3rdparty\opencv\build\include\opencv2\core\affine.hpp" line="164" message="164: (style) Class 'Affine3 &lt; double &gt;' has a constructor with 1 argument that is not explicit." /></testcase><testcase name="..\..\..\..\..\..\..\3rdparty\opencv\build\include\opencv2\flann\allocator.h" classname="Cppcheck error" time="1"><error type="" file="..\..\..\..\..\..\..\3rdparty\opencv\build\include\opencv2\flann\allocator.h" line="116" message="116: (style) C-style pointer casting" /><error type="" file="..\..\..\..\..\..\..\3rdparty\opencv\build\include\opencv2\flann\allocator.h" line="155" message="155: (style) C-style pointer casting" /><error type="" file="..\..\..\..\..\..\..\3rdparty\opencv\build\include\opencv2\flann\allocator.h" line="162" message="162: (style) C-style pointer casting" /><error type="" file="..\..\..\..\..\..\..\3rdparty\opencv\build\include\opencv2\flann\allocator.h" line="165" message="165: (style) C-style pointer casting" /><error type="" file="..\..\..\..\..\..\..\3rdparty\opencv\build\include\opencv2\flann\allocator.h" line="183" message="183: (style) C-style pointer casting" /><error type="" file="..\..\..\..\..\..\..\3rdparty\opencv\build\include\opencv2\flann\allocator.h" line="128" message="128: (style) The scope of the variable 'blockSize' can be reduced." /></testcase><testcase name="..\..\..\..\..\..\..\3rdparty\opencv\build\include\opencv2\core\cuda.inl.hpp" classname="Cppcheck error" time="1"><error type="" file="..\..\..\..\..\..\..\3rdparty\opencv\build\include\opencv2\core\cuda.inl.hpp" line="235" message="235: (style) C-style pointer casting" /><error type="" file="..\..\..\..\..\..\..\3rdparty\opencv\build\include\opencv2\core\cuda.inl.hpp" line="241" message="241: (style) C-style pointer casting" /></testcase><testcase name="..\..\..\..\..\..\..\3rdparty\opencv\build\include\opencv2\flann\sampling.h" classname="Cppcheck error" time="1"><error type="" file="..\..\..\..\..\..\..\3rdparty\opencv\build\include\opencv2\flann\sampling.h" line="46" message="46: (style) The scope of the variable 'src' can be reduced." /><error type="" file="..\..\..\..\..\..\..\3rdparty\opencv\build\include\opencv2\flann\sampling.h" line="46" message="46: (style) The scope of the variable 'dest' can be reduced." /><error type="" file="..\..\..\..\..\..\..\3rdparty\opencv\build\include\opencv2\flann\sampling.h" line="70" message="70: (style) The scope of the variable 'src' can be reduced." /><error type="" file="..\..\..\..\..\..\..\3rdparty\opencv\build\include\opencv2\flann\sampling.h" line="70" message="70: (style) The scope of the variable 'dest' can be reduced." /><error type="" file="..\..\..\..\..\..\..\3rdparty\opencv\build\include\opencv2\flann\sampling.h" line="67" message="67: (style) Local variable 'rand' shadows outer function" /></testcase><testcase name="..\..\..\..\..\..\..\3rdparty\opencv\build\include\opencv2\flann\params.h" classname="Cppcheck error" time="1"><error type="" file="..\..\..\..\..\..\..\3rdparty\opencv\build\include\opencv2\flann\params.h" line="61" message="61: (performance) Function parameter 'name' should be passed by const reference." /><error type="" file="..\..\..\..\..\..\..\3rdparty\opencv\build\include\opencv2\flann\params.h" line="73" message="73: (performance) Function parameter 'name' should be passed by const reference." /></testcase><testcase name="..\..\..\..\..\..\..\3rdparty\opencv\build\include\opencv2\core\operations.hpp" classname="Cppcheck error" time="1"><error type="" file="..\..\..\..\..\..\..\3rdparty\opencv\build\include\opencv2\core\operations.hpp" line="76" message="76: (style) Parameter 'b' can be declared with const" /><error type="" file="..\..\..\..\..\..\..\3rdparty\opencv\build\include\opencv2\core\operations.hpp" line="149" message="149: (style) Parameter 'x' can be declared with const" /></testcase><testcase name="..\..\..\..\..\..\..\3rdparty\opencv\build\include\opencv2\core\cvstd.inl.hpp" classname="Cppcheck error" time="1"><error type="" file="..\..\..\..\..\..\..\3rdparty\opencv\build\include\opencv2\core\cvstd.inl.hpp" line="184" message="184: (style) Parameter 'r' can be declared with const" /></testcase><testcase name="..\..\..\..\..\..\..\3rdparty\opencv\build\include\opencv2\core\cvdef.h" classname="Cppcheck error" time="1"><error type="" file="..\..\..\..\..\..\..\3rdparty\opencv\build\include\opencv2\core\cvdef.h" line="874" message="874: (error) Overlapping read/write of union is undefined behavior" /><error type="" file="..\..\..\..\..\..\..\3rdparty\opencv\build\include\opencv2\core\cvdef.h" line="870" message="870: (error) Signed integer overflow for expression '(w&amp;0x8000)&lt;&lt;16'." /></testcase><testcase name="..\..\..\..\..\..\..\3rdparty\opencv\build\include\opencv2\videoio.hpp" classname="Cppcheck error" time="1"><error type="" file="..\..\..\..\..\..\..\3rdparty\opencv\build\include\opencv2\videoio.hpp" line="222" message="222: (portability) Shifting signed 32-bit value by 31 bits is implementation-defined behaviour" /><error type="" file="..\..\..\..\..\..\..\3rdparty\opencv\build\include\opencv2\videoio.hpp" line="222" message="222: (error) Signed integer overflow for expression '1&lt;&lt;31'." /><error type="" file="..\..\..\..\..\..\..\3rdparty\opencv\build\include\opencv2\videoio.hpp" line="225" message="225: (error) Signed integer overflow for expression 'CAP_OPENNI_DEPTH_GENERATOR+CAP_OPENNI_IMAGE_GENERATOR'." /><error type="" file="..\..\..\..\..\..\..\3rdparty\opencv\build\include\opencv2\videoio.hpp" line="225" message="225: (error) Signed integer overflow for expression 'CAP_OPENNI_DEPTH_GENERATOR+CAP_OPENNI_IMAGE_GENERATOR+CAP_OPENNI_IR_GENERATOR'." /><error type="" file="..\..\..\..\..\..\..\3rdparty\opencv\build\include\opencv2\videoio.hpp" line="249" message="249: (error) Signed integer overflow for expression 'CAP_OPENNI_DEPTH_GENERATOR+CAP_PROP_OPENNI_GENERATOR_PRESENT'." /><error type="" file="..\..\..\..\..\..\..\3rdparty\opencv\build\include\opencv2\videoio.hpp" line="250" message="250: (error) Signed integer overflow for expression 'CAP_OPENNI_DEPTH_GENERATOR+CAP_PROP_OPENNI_BASELINE'." /><error type="" file="..\..\..\..\..\..\..\3rdparty\opencv\build\include\opencv2\videoio.hpp" line="251" message="251: (error) Signed integer overflow for expression 'CAP_OPENNI_DEPTH_GENERATOR+CAP_PROP_OPENNI_FOCAL_LENGTH'." /><error type="" file="..\..\..\..\..\..\..\3rdparty\opencv\build\include\opencv2\videoio.hpp" line="252" message="252: (error) Signed integer overflow for expression 'CAP_OPENNI_DEPTH_GENERATOR+CAP_PROP_OPENNI_REGISTRATION'." /></testcase><testcase name="sample-app\sample-app\filewriter.cpp" classname="Cppcheck error" time="1"><error type="" file="sample-app\sample-app\filewriter.cpp" line="71" message="71: (style) Parameter 'faces' can be declared with const" /></testcase><testcase name="sample-app\sample-app\paramloader.cpp" classname="Cppcheck error" time="1"><error type="" file="sample-app\sample-app\paramloader.cpp" line="86" message="86: (style) Checking if unsigned expression 'dret' is less than zero." /><error type="" file="sample-app\sample-app\paramloader.cpp" line="93" message="93: (style) Checking if unsigned expression 'dret' is less than zero." /><error type="" file="sample-app\sample-app\paramloader.cpp" line="100" message="100: (style) Checking if unsigned expression 'dret' is less than zero." /><error type="" file="sample-app\sample-app\paramloader.cpp" line="127" message="127: (style) Checking if unsigned expression 'dret' is less than zero." /></testcase></testsuite>